============================= test session starts =============================
platform win32 -- Python 3.13.9, pytest-9.0.2, pluggy-1.6.0 -- C:\Users\chris\Antigravity Projects\ProjektKraken\.venv\Scripts\python.exe
cachedir: .pytest_cache
PySide6 6.10.1 -- Qt runtime 6.10.1 -- Qt compiled 6.10.1
rootdir: C:\Users\chris\Antigravity Projects\ProjektKraken
configfile: pytest.ini
plugins: cov-7.0.0, qt-4.5.0
collecting ... collected 815 items

tests/cli/test_cli_attachment.py::test_attachment_add PASSED             [  0%]
tests/cli/test_cli_attachment.py::test_attachment_list PASSED            [  0%]
tests/cli/test_cli_attachment.py::test_attachment_update_caption PASSED  [  0%]
tests/cli/test_cli_calendar.py::test_calendar_create PASSED              [  0%]
tests/cli/test_cli_calendar.py::test_calendar_list PASSED                [  0%]
tests/cli/test_cli_calendar.py::test_calendar_set_active PASSED          [  0%]
tests/cli/test_cli_entity.py::test_entity_create_success PASSED          [  0%]
tests/cli/test_cli_entity.py::test_entity_list PASSED                    [  0%]
tests/cli/test_cli_entity.py::test_entity_show PASSED                    [  1%]
tests/cli/test_cli_entity.py::test_entity_update PASSED                  [  1%]
tests/cli/test_cli_entity.py::test_entity_delete PASSED                  [  1%]
tests/cli/test_cli_event.py::test_event_create_success PASSED            [  1%]
tests/cli/test_cli_event.py::test_event_list PASSED                      [  1%]
tests/cli/test_cli_event.py::test_event_show PASSED                      [  1%]
tests/cli/test_cli_event.py::test_event_update PASSED                    [  1%]
tests/cli/test_cli_event.py::test_event_delete PASSED                    [  1%]
tests/cli/test_cli_longform.py::test_longform_export PASSED              [  2%]
tests/cli/test_cli_longform.py::test_longform_add PASSED                 [  2%]
tests/cli/test_cli_longform.py::test_longform_promote PASSED             [  2%]
tests/cli/test_cli_longform.py::test_longform_reindex PASSED             [  2%]
tests/cli/test_cli_map.py::test_map_create_success PASSED                [  2%]
tests/cli/test_cli_map.py::test_map_list PASSED                          [  2%]
tests/cli/test_cli_map.py::test_map_update PASSED                        [  2%]
tests/cli/test_cli_map.py::test_map_delete PASSED                        [  2%]
tests/cli/test_cli_map.py::test_marker_add PASSED                        [  3%]
tests/cli/test_cli_map.py::test_marker_update PASSED                     [  3%]
tests/cli/test_cli_map.py::test_marker_delete PASSED                     [  3%]
tests/cli/test_cli_map.py::test_marker_list PASSED                       [  3%]
tests/cli/test_cli_relation.py::test_relation_add PASSED                 [  3%]
tests/cli/test_cli_relation.py::test_relation_list PASSED                [  3%]
tests/cli/test_cli_relation.py::test_relation_update PASSED              [  3%]
tests/cli/test_cli_relation.py::test_relation_delete PASSED              [  3%]
tests/cli/test_new_cli.py::test_map_create PASSED                        [  4%]
tests/cli/test_new_cli.py::test_map_add_marker PASSED                    [  4%]
tests/cli/test_new_cli.py::test_wiki_scan PASSED                         [  4%]
tests/gui/widgets/test_wiki_text_edit_rendering.py::TestWikiTextEditRendering::test_rendering_case_insensitive PASSED [  4%]
tests/gui/widgets/test_wiki_text_edit_rendering.py::TestWikiTextEditRendering::test_rendering_id_based_link PASSED [  4%]
tests/gui/widgets/test_wiki_text_edit_rendering.py::TestWikiTextEditRendering::test_rendering_known_entity PASSED [  4%]
tests/gui/widgets/test_wiki_text_edit_rendering.py::TestWikiTextEditRendering::test_rendering_mixed PASSED [  4%]
tests/gui/widgets/test_wiki_text_edit_rendering.py::TestWikiTextEditRendering::test_rendering_unknown_entity PASSED [  4%]
tests/integration/test_commands.py::test_create_event_undo PASSED        [  5%]
tests/integration/test_commands.py::test_delete_event_undo PASSED        [  5%]
tests/integration/test_id_based_wiki_commands.py::test_id_based_link_processing PASSED [  5%]
tests/integration/test_id_based_wiki_commands.py::test_mixed_links_processing PASSED [  5%]
tests/integration/test_id_based_wiki_commands.py::test_broken_id_link_skipped PASSED [  5%]
tests/integration/test_id_based_wiki_commands.py::test_id_link_with_display_name PASSED [  5%]
tests/integration/test_id_based_wiki_commands.py::test_id_link_self_reference_skipped PASSED [  5%]
tests/integration/test_id_based_wiki_commands.py::test_id_link_undo PASSED [  5%]
tests/integration/test_id_based_wiki_commands.py::test_format_helpers PASSED [  6%]
tests/integration/test_link_resolver_integration.py::test_link_resolver_with_editor PASSED [  6%]
tests/integration/test_link_resolver_integration.py::test_broken_link_highlighting PASSED [  6%]
tests/integration/test_link_resolver_integration.py::test_autocomplete_with_id_based_links PASSED [  6%]
tests/integration/test_link_resolver_integration.py::test_link_navigation_by_id PASSED [  6%]
tests/integration/test_link_resolver_integration.py::test_resolver_cache_invalidation PASSED [  6%]
tests/integration/test_link_resolver_integration.py::test_find_broken_links_in_text PASSED [  6%]
tests/integration/test_link_resolver_integration.py::test_get_display_name_scenarios PASSED [  6%]
tests/integration/test_link_resolver_integration.py::test_resolver_handles_events_and_entities PASSED [  6%]
tests/integration/test_longform_integration.py::test_add_items_to_longform PASSED [  7%]
tests/integration/test_longform_integration.py::test_build_sequence_ordering PASSED [  7%]
tests/integration/test_longform_integration.py::test_parent_child_nesting PASSED [  7%]
tests/integration/test_longform_integration.py::test_place_between_siblings PASSED [  7%]
tests/integration/test_longform_integration.py::test_reindex_positions PASSED [  7%]
tests/integration/test_longform_integration.py::test_promote_item PASSED [  7%]
tests/integration/test_longform_integration.py::test_demote_item PASSED  [  7%]
tests/integration/test_longform_integration.py::test_demote_item_no_previous_sibling PASSED [  7%]
tests/integration/test_longform_integration.py::test_remove_from_longform PASSED [  8%]
tests/integration/test_longform_integration.py::test_export_to_markdown PASSED [  8%]
tests/integration/test_longform_integration.py::test_mixed_events_and_entities PASSED [  8%]
tests/integration/test_longform_integration.py::test_move_command_execute_undo PASSED [  8%]
tests/integration/test_longform_integration.py::test_promote_command_execute_undo PASSED [  8%]
tests/integration/test_longform_integration.py::test_demote_command_execute_undo PASSED [  8%]
tests/integration/test_longform_integration.py::test_remove_command_execute_undo PASSED [  8%]
tests/integration/test_longform_integration.py::test_title_override PASSED [  8%]
tests/integration/test_longform_integration.py::test_deeply_nested_structure PASSED [  9%]
tests/integration/test_tag_normalization.py::TestTagNormalizationIntegration::test_create_event_with_tags_syncs_to_normalized_tables PASSED [  9%]
tests/integration/test_tag_normalization.py::TestTagNormalizationIntegration::test_update_event_tags_syncs_to_normalized_tables PASSED [  9%]
tests/integration/test_tag_normalization.py::TestTagNormalizationIntegration::test_create_entity_with_tags_syncs_to_normalized_tables PASSED [  9%]
tests/integration/test_tag_normalization.py::TestTagNormalizationIntegration::test_update_entity_tags_syncs_to_normalized_tables PASSED [  9%]
tests/integration/test_tag_normalization.py::TestTagNormalizationIntegration::test_migration_preserves_existing_tags PASSED [  9%]
tests/integration/test_tag_normalization.py::TestTagNormalizationIntegration::test_migration_idempotent PASSED [  9%]
tests/integration/test_tag_normalization.py::TestTagNormalizationIntegration::test_get_events_by_tag_after_migration PASSED [  9%]
tests/integration/test_tag_normalization.py::TestTagNormalizationIntegration::test_get_entities_by_tag_after_migration PASSED [ 10%]
tests/integration/test_tag_normalization.py::TestTagNormalizationIntegration::test_delete_event_removes_tag_associations_after_migration PASSED [ 10%]
tests/integration/test_tag_normalization.py::TestTagNormalizationIntegration::test_timeline_grouping_after_migration PASSED [ 10%]
tests/integration/test_timeline_grouping_workflow.py::TestTimelineGroupingIntegration::test_complete_grouping_workflow PASSED [ 10%]
tests/integration/test_timeline_grouping_workflow.py::TestTimelineGroupingIntegration::test_tag_edit_propagates_to_all_groups PASSED [ 10%]
tests/integration/test_timeline_grouping_workflow.py::TestTimelineGroupingIntegration::test_removing_tag_updates_groups PASSED [ 10%]
tests/integration/test_timeline_grouping_workflow.py::TestTimelineGroupingIntegration::test_deleting_event_removes_from_all_groups PASSED [ 10%]
tests/integration/test_timeline_grouping_workflow.py::TestTimelineGroupingIntegration::test_undo_redo_grouping_configuration PASSED [ 10%]
tests/integration/test_timeline_grouping_workflow.py::TestTimelineGroupingIntegration::test_undo_redo_tag_color_updates PASSED [ 11%]
tests/integration/test_timeline_grouping_workflow.py::TestTimelineGroupingIntegration::test_date_range_filtering_across_workflow PASSED [ 11%]
tests/integration/test_timeline_grouping_workflow.py::TestTimelineGroupingIntegration::test_duplicate_mode_with_multiple_tags_on_same_event PASSED [ 11%]
tests/integration/test_timeline_grouping_workflow.py::TestTimelineGroupingIntegration::test_first_match_mode_with_multiple_tags_on_same_event PASSED [ 11%]
tests/integration/test_timeline_grouping_workflow.py::TestTimelineGroupingIntegration::test_remaining_events_handling PASSED [ 11%]
tests/integration/test_timeline_grouping_workflow.py::TestTimelineGroupingIntegration::test_empty_tag_list_returns_all_events_as_remaining PASSED [ 11%]
tests/integration/test_wikilinking_flow.py::test_update_event_triggers_commands PASSED [ 11%]
tests/integration/test_wikilinking_navigation.py::test_navigate_to_entity_success PASSED [ 11%]
tests/integration/test_wikilinking_navigation.py::test_navigate_to_entity_case_insensitive PASSED [ 12%]
tests/integration/test_wikilinking_navigation.py::test_navigate_to_entity_not_found PASSED [ 12%]
tests/test_image_support.py::test_webp_is_supported_by_qt PASSED         [ 12%]
tests/test_image_support.py::test_webp_in_constants PASSED               [ 12%]
tests/test_map_navigation.py::test_marker_item_inheritance PASSED        [ 12%]
tests/test_map_navigation.py::test_marker_emits_clicked PASSED           [ 12%]
tests/test_map_navigation.py::test_marker_drag_does_not_emit_clicked PASSED [ 12%]
tests/test_map_navigation.py::test_map_widget_signal_propagation PASSED  [ 12%]
tests/test_map_navigation.py::test_mainwindow_integration PASSED         [ 13%]
tests/test_unsaved_changes.py::test_event_editor_dirty_tracking PASSED   [ 13%]
tests/test_unsaved_changes.py::test_entity_editor_dirty_tracking PASSED  [ 13%]
tests/test_unsaved_changes.py::test_mainwindow_check_unsaved_changes PASSED [ 13%]
tests/test_unsaved_changes.py::test_editor_init_not_dirty PASSED         [ 13%]
tests/unit/test_attachment_repository.py::test_insert_and_get PASSED     [ 13%]
tests/unit/test_attachment_repository.py::test_list_by_owner PASSED      [ 13%]
tests/unit/test_attachment_repository.py::test_delete PASSED             [ 13%]
tests/unit/test_attachment_repository.py::test_update_caption PASSED     [ 13%]
tests/unit/test_attachment_repository.py::test_update_order PASSED       [ 14%]
tests/unit/test_attachment_service.py::test_add_images PASSED            [ 14%]
tests/unit/test_attachment_service.py::test_remove_image PASSED          [ 14%]
tests/unit/test_attachment_service.py::test_restore_image PASSED         [ 14%]
tests/unit/test_calendar.py::TestCalendarConfigValidation::test_valid_config_passes_validation PASSED [ 14%]
tests/unit/test_calendar.py::TestCalendarConfigValidation::test_duplicate_month_names_rejected PASSED [ 14%]
tests/unit/test_calendar.py::TestCalendarConfigValidation::test_duplicate_abbreviations_rejected PASSED [ 14%]
tests/unit/test_calendar.py::TestCalendarConfigValidation::test_empty_month_list_rejected PASSED [ 14%]
tests/unit/test_calendar.py::TestCalendarConfigValidation::test_zero_day_month_rejected PASSED [ 15%]
tests/unit/test_calendar.py::TestCalendarConfigValidation::test_negative_day_month_rejected PASSED [ 15%]
tests/unit/test_calendar.py::TestCalendarConfigYearLength::test_simple_year_length PASSED [ 15%]
tests/unit/test_calendar.py::TestCalendarConfigYearLength::test_variable_month_year_length PASSED [ 15%]
tests/unit/test_calendar.py::TestCalendarConfigYearLength::test_year_variant_length PASSED [ 15%]
tests/unit/test_calendar.py::TestCalendarConverterRoundTrip::test_epoch_start_round_trip PASSED [ 15%]
tests/unit/test_calendar.py::TestCalendarConverterRoundTrip::test_mid_year_round_trip PASSED [ 15%]
tests/unit/test_calendar.py::TestCalendarConverterRoundTrip::test_end_of_year_round_trip PASSED [ 15%]
tests/unit/test_calendar.py::TestCalendarConverterRoundTrip::test_year_boundary_round_trip PASSED [ 16%]
tests/unit/test_calendar.py::TestCalendarConverterRoundTrip::test_high_year_round_trip PASSED [ 16%]
tests/unit/test_calendar.py::TestCalendarConverterRoundTrip::test_variable_month_round_trip PASSED [ 16%]
tests/unit/test_calendar.py::TestCalendarConverterRoundTrip::test_parametrized_round_trip[1-1-1] PASSED [ 16%]
tests/unit/test_calendar.py::TestCalendarConverterRoundTrip::test_parametrized_round_trip[1-6-15] PASSED [ 16%]
tests/unit/test_calendar.py::TestCalendarConverterRoundTrip::test_parametrized_round_trip[1-12-30] PASSED [ 16%]
tests/unit/test_calendar.py::TestCalendarConverterRoundTrip::test_parametrized_round_trip[2-1-1] PASSED [ 16%]
tests/unit/test_calendar.py::TestCalendarConverterRoundTrip::test_parametrized_round_trip[10-3-10] PASSED [ 16%]
tests/unit/test_calendar.py::TestCalendarConverterRoundTrip::test_parametrized_round_trip[100-12-30] PASSED [ 17%]
tests/unit/test_calendar.py::TestCalendarConverterToFloat::test_epoch_start_is_zero PASSED [ 17%]
tests/unit/test_calendar.py::TestCalendarConverterToFloat::test_second_day_is_one PASSED [ 17%]
tests/unit/test_calendar.py::TestCalendarConverterToFloat::test_second_month_correct PASSED [ 17%]
tests/unit/test_calendar.py::TestCalendarConverterToFloat::test_year_two_start PASSED [ 17%]
tests/unit/test_calendar.py::TestCalendarConverterToFloat::test_noon_time_fraction PASSED [ 17%]
tests/unit/test_calendar.py::TestCalendarConverterFromFloat::test_zero_is_epoch_start PASSED [ 17%]
tests/unit/test_calendar.py::TestCalendarConverterFromFloat::test_one_is_second_day PASSED [ 17%]
tests/unit/test_calendar.py::TestCalendarConverterFromFloat::test_thirty_is_month_two PASSED [ 18%]
tests/unit/test_calendar.py::TestCalendarConverterFromFloat::test_360_is_year_two PASSED [ 18%]
tests/unit/test_calendar.py::TestCalendarConverterFromFloat::test_noon_fraction PASSED [ 18%]
tests/unit/test_calendar.py::TestCalendarConverterNegativeFloats::test_negative_one_is_day_before_epoch PASSED [ 18%]
tests/unit/test_calendar.py::TestCalendarConverterNegativeFloats::test_negative_360_is_year_minus_one PASSED [ 18%]
tests/unit/test_calendar.py::TestCalendarConverterNegativeFloats::test_negative_round_trip PASSED [ 18%]
tests/unit/test_calendar.py::TestCalendarConverterYearVariants::test_year_variant_conversion PASSED [ 18%]
tests/unit/test_calendar.py::TestCalendarConverterYearVariants::test_year_variant_round_trip PASSED [ 18%]
tests/unit/test_calendar.py::TestCalendarConverterYearVariants::test_year_variant_affects_subsequent_years PASSED [ 19%]
tests/unit/test_calendar.py::TestCalendarConverterFormatDate::test_format_basic PASSED [ 19%]
tests/unit/test_calendar.py::TestCalendarConverterFormatDate::test_format_includes_day PASSED [ 19%]
tests/unit/test_calendar_commands.py::TestCreateCalendarConfigCommand::test_execute_creates_config PASSED [ 19%]
tests/unit/test_calendar_commands.py::TestCreateCalendarConfigCommand::test_execute_returns_command_result PASSED [ 19%]
tests/unit/test_calendar_commands.py::TestCreateCalendarConfigCommand::test_undo_deletes_config PASSED [ 19%]
tests/unit/test_calendar_commands.py::TestUpdateCalendarConfigCommand::test_execute_updates_config PASSED [ 19%]
tests/unit/test_calendar_commands.py::TestUpdateCalendarConfigCommand::test_undo_restores_original PASSED [ 19%]
tests/unit/test_calendar_commands.py::TestDeleteCalendarConfigCommand::test_execute_deletes_config PASSED [ 20%]
tests/unit/test_calendar_commands.py::TestDeleteCalendarConfigCommand::test_undo_restores_config PASSED [ 20%]
tests/unit/test_calendar_commands.py::TestSetActiveCalendarCommand::test_execute_sets_active PASSED [ 20%]
tests/unit/test_calendar_commands.py::TestSetActiveCalendarCommand::test_undo_restores_previous_active PASSED [ 20%]
tests/unit/test_calendar_db.py::TestCalendarConfigCRUD::test_insert_calendar_config PASSED [ 20%]
tests/unit/test_calendar_db.py::TestCalendarConfigCRUD::test_get_calendar_config_not_found PASSED [ 20%]
tests/unit/test_calendar_db.py::TestCalendarConfigCRUD::test_get_all_calendar_configs PASSED [ 20%]
tests/unit/test_calendar_db.py::TestCalendarConfigCRUD::test_update_calendar_config PASSED [ 20%]
tests/unit/test_calendar_db.py::TestCalendarConfigCRUD::test_delete_calendar_config PASSED [ 20%]
tests/unit/test_calendar_db.py::TestActiveCalendar::test_get_active_calendar_when_none PASSED [ 21%]
tests/unit/test_calendar_db.py::TestActiveCalendar::test_set_active_calendar PASSED [ 21%]
tests/unit/test_calendar_db.py::TestActiveCalendar::test_only_one_active_calendar PASSED [ 21%]
tests/unit/test_calendar_dialog.py::TestCalendarConfigDialogInit::test_creates_with_default_config PASSED [ 21%]
tests/unit/test_calendar_dialog.py::TestCalendarConfigDialogInit::test_creates_with_provided_config PASSED [ 21%]
tests/unit/test_calendar_dialog.py::TestCalendarConfigDialogInit::test_name_field_populated PASSED [ 21%]
tests/unit/test_calendar_dialog.py::TestCalendarConfigDialogInit::test_epoch_field_populated PASSED [ 21%]
tests/unit/test_calendar_dialog.py::TestCalendarConfigDialogMonthTable::test_month_table_row_count PASSED [ 21%]
tests/unit/test_calendar_dialog.py::TestCalendarConfigDialogMonthTable::test_add_month_button PASSED [ 22%]
tests/unit/test_calendar_dialog.py::TestCalendarConfigDialogMonthTable::test_remove_month_button PASSED [ 22%]
tests/unit/test_calendar_dialog.py::TestCalendarConfigDialogValidation::test_empty_months_shows_error PASSED [ 22%]
tests/unit/test_calendar_dialog.py::TestCalendarConfigDialogValidation::test_valid_config_enables_save PASSED [ 22%]
tests/unit/test_calendar_dialog.py::TestCalendarConfigDialogPreview::test_preview_updates_on_float_change PASSED [ 22%]
tests/unit/test_calendar_dialog.py::TestCalendarConfigDialogPreview::test_preview_shows_formatted_date PASSED [ 22%]
tests/unit/test_calendar_dialog.py::TestCalendarConfigDialogOutput::test_get_config_returns_updated_values PASSED [ 22%]
tests/unit/test_calendar_dialog.py::TestCalendarConfigDialogOutput::test_config_saved_signal_emitted PASSED [ 22%]
tests/unit/test_command_coordinator.py::test_initialization PASSED       [ 23%]
tests/unit/test_command_coordinator.py::test_execute_command PASSED      [ 23%]
tests/unit/test_command_coordinator.py::test_on_command_result_success PASSED [ 23%]
tests/unit/test_command_coordinator.py::test_on_command_result_failure PASSED [ 23%]
tests/unit/test_compact_date_widget.py::TestCompactDateWidgetBasics::test_widget_initializes PASSED [ 23%]
tests/unit/test_compact_date_widget.py::TestCompactDateWidgetBasics::test_set_get_value_roundtrip PASSED [ 23%]
tests/unit/test_compact_date_widget.py::TestCompactDateWidgetBasics::test_set_value_updates_display PASSED [ 23%]
tests/unit/test_compact_date_widget.py::TestCompactDateWidgetBasics::test_value_changed_signal_emitted PASSED [ 23%]
tests/unit/test_compact_date_widget.py::TestCompactDateWidgetCalendarAwareness::test_month_dropdown_populated_from_calendar PASSED [ 24%]
tests/unit/test_compact_date_widget.py::TestCompactDateWidgetCalendarAwareness::test_day_dropdown_adjusts_to_month PASSED [ 24%]
tests/unit/test_compact_date_widget.py::TestCompactDateWidgetCalendarAwareness::test_fantasy_calendar_months PASSED [ 24%]
tests/unit/test_compact_date_widget.py::TestCompactDateWidgetEdgeCases::test_negative_year PASSED [ 24%]
tests/unit/test_compact_date_widget.py::TestCompactDateWidgetEdgeCases::test_large_year PASSED [ 24%]
tests/unit/test_compact_date_widget.py::TestCompactDateWidgetEdgeCases::test_month_boundary_transition PASSED [ 24%]
tests/unit/test_compact_date_widget.py::TestCompactDateWidgetEdgeCases::test_no_converter_fallback PASSED [ 24%]
tests/unit/test_compact_date_widget.py::TestCompactDateWidgetEdgeCases::test_time_fraction_preserved PASSED [ 24%]
tests/unit/test_compact_date_widget.py::TestCompactDateWidgetEdgeCases::test_year_zero PASSED [ 25%]
tests/unit/test_compact_date_widget.py::TestCompactDateWidgetCalendarPopup::test_calendar_button_exists PASSED [ 25%]
tests/unit/test_compact_date_widget.py::TestCompactDateWidgetCalendarPopup::test_calendar_popup_opens PASSED [ 25%]
tests/unit/test_compact_duration_widget.py::TestCompactDurationWidgetBasics::test_widget_initializes PASSED [ 25%]
tests/unit/test_compact_duration_widget.py::TestCompactDurationWidgetBasics::test_set_get_value_roundtrip PASSED [ 25%]
tests/unit/test_compact_duration_widget.py::TestCompactDurationWidgetBasics::test_value_changed_signal_emitted PASSED [ 25%]
tests/unit/test_compact_duration_widget.py::TestCompactDurationWidgetDecomposition::test_exact_year_decomposition PASSED [ 25%]
tests/unit/test_compact_duration_widget.py::TestCompactDurationWidgetDecomposition::test_year_and_month_decomposition PASSED [ 25%]
tests/unit/test_compact_duration_widget.py::TestCompactDurationWidgetDecomposition::test_complex_decomposition PASSED [ 26%]
tests/unit/test_compact_duration_widget.py::TestCompactDurationWidgetDecomposition::test_only_days_decomposition PASSED [ 26%]
tests/unit/test_compact_duration_widget.py::TestCompactDurationWidgetPreview::test_preview_hides_zero_units PASSED [ 26%]
tests/unit/test_compact_duration_widget.py::TestCompactDurationWidgetPreview::test_preview_written_format PASSED [ 26%]
tests/unit/test_compact_duration_widget.py::TestCompactDurationWidgetPreview::test_plural_handling PASSED [ 26%]
tests/unit/test_compact_duration_widget.py::TestCompactDurationWidgetEdgeCases::test_zero_duration PASSED [ 26%]
tests/unit/test_compact_duration_widget.py::TestCompactDurationWidgetEdgeCases::test_fractional_days PASSED [ 26%]
tests/unit/test_compact_duration_widget.py::TestCompactDurationWidgetEdgeCases::test_very_large_duration PASSED [ 26%]
tests/unit/test_compact_duration_widget.py::TestCompactDurationWidgetEdgeCases::test_no_converter_fallback PASSED [ 26%]
tests/unit/test_compact_duration_widget.py::TestCompactDurationWidgetEdgeCases::test_start_date_affects_calculation PASSED [ 27%]
tests/unit/test_compact_duration_widget.py::TestCompactDurationWidgetCalendarAwareness::test_standard_calendar_year_length PASSED [ 27%]
tests/unit/test_compact_duration_widget.py::TestCompactDurationWidgetCalendarAwareness::test_simple_calendar_year_length PASSED [ 27%]
tests/unit/test_compact_duration_widget.py::TestCompactDurationWidgetCalendarAwareness::test_varying_month_lengths PASSED [ 27%]
tests/unit/test_creation_ux.py::test_create_entity_success_selects_item PASSED [ 27%]
tests/unit/test_creation_ux.py::test_create_event_success_selects_item PASSED [ 27%]
tests/unit/test_creation_ux.py::test_create_cancel_does_nothing PASSED   [ 27%]
tests/unit/test_creation_ux.py::test_select_item_switches_filter_if_needed PASSED [ 27%]
tests/unit/test_db_bulk_operations.py::test_bulk_insert_events_empty_list PASSED [ 28%]
tests/unit/test_db_bulk_operations.py::test_bulk_insert_events_single PASSED [ 28%]
tests/unit/test_db_bulk_operations.py::test_bulk_insert_events_multiple PASSED [ 28%]
tests/unit/test_db_bulk_operations.py::test_bulk_insert_events_with_attributes PASSED [ 28%]
tests/unit/test_db_bulk_operations.py::test_bulk_insert_events_upsert PASSED [ 28%]
tests/unit/test_db_bulk_operations.py::test_bulk_insert_entities_empty_list PASSED [ 28%]
tests/unit/test_db_bulk_operations.py::test_bulk_insert_entities_multiple PASSED [ 28%]
tests/unit/test_db_bulk_operations.py::test_bulk_insert_entities_with_attributes PASSED [ 28%]
tests/unit/test_db_bulk_operations.py::test_bulk_insert_entities_upsert PASSED [ 29%]
tests/unit/test_db_bulk_operations.py::test_transaction_rollback_on_error PASSED [ 29%]
tests/unit/test_db_bulk_operations.py::test_connection_auto_connects_on_read PASSED [ 29%]
tests/unit/test_db_bulk_operations.py::test_get_event_nonexistent PASSED [ 29%]
tests/unit/test_db_bulk_operations.py::test_get_entity_nonexistent PASSED [ 29%]
tests/unit/test_db_bulk_operations.py::test_get_relation_nonexistent PASSED [ 29%]
tests/unit/test_db_bulk_operations.py::test_delete_nonexistent_event PASSED [ 29%]
tests/unit/test_db_bulk_operations.py::test_delete_nonexistent_entity PASSED [ 29%]
tests/unit/test_db_bulk_operations.py::test_delete_nonexistent_relation PASSED [ 30%]
tests/unit/test_db_bulk_operations.py::test_get_name_event PASSED        [ 30%]
tests/unit/test_db_bulk_operations.py::test_get_name_entity PASSED       [ 30%]
tests/unit/test_db_bulk_operations.py::test_get_name_nonexistent PASSED  [ 30%]
tests/unit/test_db_bulk_operations.py::test_foreign_keys_enabled PASSED  [ 30%]
tests/unit/test_db_bulk_operations.py::test_indexes_created PASSED       [ 30%]
tests/unit/test_db_bulk_operations.py::test_event_ordering_by_lore_date PASSED [ 30%]
tests/unit/test_db_bulk_operations.py::test_incoming_relations PASSED    [ 30%]
tests/unit/test_db_bulk_operations.py::test_relation_attributes_none_default PASSED [ 31%]
tests/unit/test_db_bulk_operations.py::test_update_relation_attributes_none PASSED [ 31%]
tests/unit/test_db_service.py::test_event_crud PASSED                    [ 31%]
tests/unit/test_db_service.py::test_entity_crud PASSED                   [ 31%]
tests/unit/test_db_service.py::test_get_all_events PASSED                [ 31%]
tests/unit/test_db_service.py::test_relation_crud PASSED                 [ 31%]
tests/unit/test_db_service.py::test_get_tags_with_events PASSED          [ 31%]
tests/unit/test_dock_layout.py::test_timeline_is_dockable PASSED         [ 31%]
tests/unit/test_dock_layout.py::test_view_menu_includes_timeline PASSED  [ 32%]
tests/unit/test_dock_layout.py::test_dock_features_enabled PASSED        [ 32%]
tests/unit/test_entities.py::test_entity_serialization PASSED            [ 32%]
tests/unit/test_entities.py::test_insert_and_get_entity PASSED           [ 32%]
tests/unit/test_entities.py::test_get_all_entities PASSED                [ 32%]
tests/unit/test_entities.py::test_delete_entity PASSED                   [ 32%]
tests/unit/test_entities.py::test_update_entity_via_insert PASSED        [ 32%]
tests/unit/test_entities.py::test_entity_tags_property PASSED            [ 32%]
tests/unit/test_entities.py::test_entity_tags_serialization PASSED       [ 33%]
tests/unit/test_entities.py::test_entity_tags_with_other_attributes PASSED [ 33%]
tests/unit/test_entity_commands.py::test_create_entity_success PASSED    [ 33%]
tests/unit/test_entity_commands.py::test_create_entity_undo PASSED       [ 33%]
tests/unit/test_entity_commands.py::test_update_entity_success PASSED    [ 33%]
tests/unit/test_entity_commands.py::test_update_entity_undo PASSED       [ 33%]
tests/unit/test_entity_commands.py::test_delete_entity_success PASSED    [ 33%]
tests/unit/test_entity_commands.py::test_delete_entity_undo PASSED       [ 33%]
tests/unit/test_entity_editor.py::test_editor_init PASSED                [ 33%]
tests/unit/test_entity_editor.py::test_load_entity PASSED                [ 34%]
tests/unit/test_entity_editor.py::test_save_clicked PASSED               [ 34%]
tests/unit/test_entity_editor.py::test_add_relation_flow PASSED          [ 34%]
tests/unit/test_entity_editor.py::test_remove_relation PASSED            [ 34%]
tests/unit/test_entity_editor.py::test_edit_relation_flow PASSED         [ 34%]
tests/unit/test_event_commands.py::test_create_event_success PASSED      [ 34%]
tests/unit/test_event_commands.py::test_create_event_failure PASSED      [ 34%]
tests/unit/test_event_commands.py::test_create_event_undo PASSED         [ 34%]
tests/unit/test_event_commands.py::test_create_event_undo_not_executed PASSED [ 35%]
tests/unit/test_event_commands.py::test_update_event_success PASSED      [ 35%]
tests/unit/test_event_commands.py::test_update_event_validation_error PASSED [ 35%]
tests/unit/test_event_commands.py::test_update_event_not_found PASSED    [ 35%]
tests/unit/test_event_commands.py::test_update_event_db_error PASSED     [ 35%]
tests/unit/test_event_commands.py::test_update_event_undo PASSED         [ 35%]
tests/unit/test_event_commands.py::test_update_event_undo_not_executed PASSED [ 35%]
tests/unit/test_event_commands.py::test_delete_event_success PASSED      [ 35%]
tests/unit/test_event_commands.py::test_delete_event_not_found PASSED    [ 36%]
tests/unit/test_event_commands.py::test_delete_event_db_error PASSED     [ 36%]
tests/unit/test_event_commands.py::test_delete_event_undo PASSED         [ 36%]
tests/unit/test_event_commands.py::test_delete_event_undo_not_executed PASSED [ 36%]
tests/unit/test_event_editor.py::test_editor_init PASSED                 [ 36%]
tests/unit/test_event_editor.py::test_load_event PASSED                  [ 36%]
tests/unit/test_event_editor.py::test_save_clicked PASSED                [ 36%]
tests/unit/test_event_editor.py::test_add_relation_flow PASSED           [ 36%]
tests/unit/test_event_editor.py::test_remove_relation PASSED             [ 37%]
tests/unit/test_event_editor.py::test_context_menu_actions PASSED        [ 37%]
tests/unit/test_event_list.py::test_init PASSED                          [ 37%]
tests/unit/test_event_list.py::test_set_events_empty PASSED              [ 37%]
tests/unit/test_event_list.py::test_set_events_with_data PASSED          [ 37%]
tests/unit/test_event_list.py::test_selection_changed_signal PASSED      [ 37%]
tests/unit/test_event_list.py::test_selection_cleared PASSED             [ 37%]
tests/unit/test_event_list.py::test_delete_clicked_signal PASSED         [ 37%]
tests/unit/test_event_list.py::test_delete_clicked_no_selection PASSED   [ 38%]
tests/unit/test_event_list.py::test_refresh_clicked_signal PASSED        [ 38%]
tests/unit/test_event_list.py::test_set_events_clears_previous PASSED    [ 38%]
tests/unit/test_event_list.py::test_widget_styling PASSED                [ 38%]
tests/unit/test_event_list.py::test_empty_to_populated_transition PASSED [ 38%]
tests/unit/test_event_list.py::test_populated_to_empty_transition PASSED [ 38%]
tests/unit/test_events_duration.py::TestEventDuration::test_event_editor_has_duration_field PASSED [ 38%]
tests/unit/test_events_duration.py::TestEventDuration::test_event_editor_loads_saves_duration PASSED [ 38%]
tests/unit/test_events_duration.py::TestEventDuration::test_event_item_rect_no_duration PASSED [ 39%]
tests/unit/test_events_duration.py::TestEventDuration::test_event_item_rect_with_duration PASSED [ 39%]
tests/unit/test_full_text_search.py::test_search_matches_description PASSED [ 39%]
tests/unit/test_full_text_search.py::test_search_matches_tags PASSED     [ 39%]
tests/unit/test_full_text_search.py::test_search_matches_attributes PASSED [ 39%]
tests/unit/test_full_text_search.py::test_search_matches_type PASSED     [ 39%]
tests/unit/test_gallery_refresh.py::test_refresh_on_finish PASSED        [ 39%]
tests/unit/test_gallery_widget.py::test_initialization PASSED            [ 39%]
tests/unit/test_gallery_widget.py::test_set_owner PASSED                 [ 40%]
tests/unit/test_gallery_widget.py::test_on_attachments_loaded PASSED     [ 40%]
tests/unit/test_gallery_widget.py::test_add_clicked PASSED               [ 40%]
tests/unit/test_gallery_widget.py::test_remove_clicked PASSED            [ 40%]
tests/unit/test_gallery_widget.py::test_edit_caption PASSED              [ 40%]
tests/unit/test_gallery_widget.py::test_drop_event PASSED                [ 40%]
tests/unit/test_granular_duration.py::TestGranularDuration::test_compact_duration_widget_simple PASSED [ 40%]
tests/unit/test_granular_duration.py::TestGranularDuration::test_event_editor_has_duration_widget PASSED [ 40%]
tests/unit/test_granular_duration.py::TestGranularDuration::test_sync_duration_to_end_date PASSED [ 40%]
tests/unit/test_granular_duration.py::TestGranularDuration::test_sync_end_date_to_duration PASSED [ 41%]
tests/unit/test_headless_operation.py::test_database_operations_headless PASSED [ 41%]
tests/unit/test_headless_operation.py::test_cli_export_headless PASSED   [ 41%]
tests/unit/test_id_based_links.py::test_parse_id_based_link PASSED       [ 41%]
tests/unit/test_id_based_links.py::test_parse_legacy_name_link PASSED    [ 41%]
tests/unit/test_id_based_links.py::test_parse_legacy_name_with_label PASSED [ 41%]
tests/unit/test_id_based_links.py::test_parse_mixed_links PASSED         [ 41%]
tests/unit/test_id_based_links.py::test_format_id_link PASSED            [ 41%]
tests/unit/test_id_based_links.py::test_format_name_link PASSED          [ 42%]
tests/unit/test_id_based_links.py::test_format_name_link_with_label PASSED [ 42%]
tests/unit/test_id_based_links.py::test_id_case_insensitive PASSED       [ 42%]
tests/unit/test_id_based_links.py::test_id_without_display_name PASSED   [ 42%]
tests/unit/test_id_based_links.py::test_invalid_id_format_treated_as_name PASSED [ 42%]
tests/unit/test_id_based_links.py::test_span_correctness_id_based PASSED [ 42%]
tests/unit/test_id_based_links.py::test_adjacent_id_links PASSED         [ 42%]
tests/unit/test_id_based_links.py::test_whitespace_in_id_link PASSED     [ 42%]
tests/unit/test_image_commands.py::test_update_image_caption_command PASSED [ 43%]
tests/unit/test_image_commands.py::test_remove_image_command PASSED      [ 43%]
tests/unit/test_link_resolver.py::test_resolve_entity PASSED             [ 43%]
tests/unit/test_link_resolver.py::test_resolve_event PASSED              [ 43%]
tests/unit/test_link_resolver.py::test_resolve_broken_link PASSED        [ 43%]
tests/unit/test_link_resolver.py::test_cache_usage PASSED                [ 43%]
tests/unit/test_link_resolver.py::test_invalidate_cache_specific PASSED  [ 43%]
tests/unit/test_link_resolver.py::test_invalidate_cache_all PASSED       [ 43%]
tests/unit/test_link_resolver.py::test_get_display_name_valid PASSED     [ 44%]
tests/unit/test_link_resolver.py::test_get_display_name_broken_with_fallback PASSED [ 44%]
tests/unit/test_link_resolver.py::test_get_display_name_broken_without_fallback PASSED [ 44%]
tests/unit/test_link_resolver.py::test_find_broken_links_none PASSED     [ 44%]
tests/unit/test_link_resolver.py::test_find_broken_links_some PASSED     [ 44%]
tests/unit/test_link_resolver.py::test_name_change_propagation PASSED    [ 44%]
tests/unit/test_longform_builder.py::test_safe_json_loads_valid PASSED   [ 44%]
tests/unit/test_longform_builder.py::test_safe_json_loads_empty PASSED   [ 44%]
tests/unit/test_longform_builder.py::test_safe_json_loads_invalid PASSED [ 45%]
tests/unit/test_longform_builder.py::test_safe_json_loads_null PASSED    [ 45%]
tests/unit/test_longform_builder.py::test_get_longform_meta_exists PASSED [ 45%]
tests/unit/test_longform_builder.py::test_get_longform_meta_missing PASSED [ 45%]
tests/unit/test_longform_builder.py::test_set_longform_meta_new PASSED   [ 45%]
tests/unit/test_longform_builder.py::test_set_longform_meta_update PASSED [ 45%]
tests/unit/test_longform_builder.py::test_read_all_longform_items_mixed PASSED [ 45%]
tests/unit/test_longform_builder.py::test_read_all_longform_items_no_metadata PASSED [ 45%]
tests/unit/test_longform_builder.py::test_build_longform_sequence_ordering PASSED [ 46%]
tests/unit/test_longform_builder.py::test_build_longform_sequence_nesting PASSED [ 46%]
tests/unit/test_longform_builder.py::test_build_longform_sequence_heading_levels PASSED [ 46%]
tests/unit/test_longform_builder.py::test_insert_or_update_longform_meta_new PASSED [ 46%]
tests/unit/test_longform_builder.py::test_insert_or_update_longform_meta_update_existing PASSED [ 46%]
tests/unit/test_longform_builder.py::test_insert_or_update_longform_meta_invalid_table PASSED [ 46%]
tests/unit/test_longform_builder.py::test_insert_or_update_longform_meta_row_not_found PASSED [ 46%]
tests/unit/test_longform_builder.py::test_place_between_siblings_middle PASSED [ 46%]
tests/unit/test_longform_builder.py::test_place_between_siblings_only_prev PASSED [ 46%]
tests/unit/test_longform_builder.py::test_place_between_siblings_no_siblings PASSED [ 47%]
tests/unit/test_longform_builder.py::test_reindex_document_positions PASSED [ 47%]
tests/unit/test_longform_builder.py::test_export_longform_to_markdown_empty PASSED [ 47%]
tests/unit/test_longform_builder.py::test_export_longform_to_markdown_with_content PASSED [ 47%]
tests/unit/test_longform_builder.py::test_export_longform_to_markdown_title_override PASSED [ 47%]
tests/unit/test_longform_editor.py::test_load_content_populates_text PASSED [ 47%]
tests/unit/test_longform_editor.py::test_load_content_injects_anchors PASSED [ 47%]
tests/unit/test_longform_editor.py::test_scroll_to_item_calls_scroll_to_anchor PASSED [ 47%]
tests/unit/test_longform_editor.py::test_outline_load_sequence PASSED    [ 48%]
tests/unit/test_longform_editor.py::test_outline_promote_shortcut PASSED [ 48%]
tests/unit/test_longform_editor.py::test_outline_drag_mime_data PASSED   [ 48%]
tests/unit/test_longform_editor.py::test_outline_drag_content PASSED     [ 48%]
tests/unit/test_longform_editor.py::test_editor_initialization PASSED    [ 48%]
tests/unit/test_longform_editor.py::test_editor_refresh_signal PASSED    [ 48%]
tests/unit/test_longform_editor.py::test_editor_selection_sync PASSED    [ 48%]
tests/unit/test_lore_date_widget.py::TestLoreDateWidgetBasic::test_widget_initializes_without_calendar PASSED [ 48%]
tests/unit/test_lore_date_widget.py::TestLoreDateWidgetBasic::test_set_calendar_enables_structured_mode PASSED [ 49%]
tests/unit/test_lore_date_widget.py::TestLoreDateWidgetBasic::test_month_combo_shows_month_names PASSED [ 49%]
tests/unit/test_lore_date_widget.py::TestLoreDateWidgetValueRoundTrip::test_set_value_updates_structured_fields PASSED [ 49%]
tests/unit/test_lore_date_widget.py::TestLoreDateWidgetValueRoundTrip::test_get_value_returns_correct_float PASSED [ 49%]
tests/unit/test_lore_date_widget.py::TestLoreDateWidgetValueRoundTrip::test_round_trip_consistency PASSED [ 49%]
tests/unit/test_lore_date_widget.py::TestLoreDateWidgetDayRange::test_day_combo_has_correct_count PASSED [ 49%]
tests/unit/test_lore_date_widget.py::TestLoreDateWidgetDayRange::test_day_combo_updates_on_month_change PASSED [ 49%]
tests/unit/test_lore_date_widget.py::TestLoreDateWidgetDayRange::test_day_selection_preserved_when_valid PASSED [ 49%]
tests/unit/test_lore_date_widget.py::TestLoreDateWidgetDayRange::test_day_clamped_when_exceeds_month PASSED [ 50%]
tests/unit/test_lore_date_widget.py::TestLoreDateWidgetRawMode::test_raw_mode_toggle_shows_spinbox PASSED [ 50%]
tests/unit/test_lore_date_widget.py::TestLoreDateWidgetRawMode::test_raw_mode_preserves_value PASSED [ 50%]
tests/unit/test_lore_date_widget.py::TestLoreDateWidgetRawMode::test_structured_mode_from_raw_preserves_value PASSED [ 50%]
tests/unit/test_lore_date_widget.py::TestLoreDateWidgetSignals::test_value_changed_emitted_on_year_change PASSED [ 50%]
tests/unit/test_lore_date_widget.py::TestLoreDateWidgetSignals::test_value_changed_emitted_on_month_change PASSED [ 50%]
tests/unit/test_lore_date_widget.py::TestLoreDateWidgetSignals::test_value_changed_emitted_on_day_change PASSED [ 50%]
tests/unit/test_lore_date_widget.py::TestLoreDateWidgetPreview::test_preview_shows_formatted_date PASSED [ 50%]
tests/unit/test_lore_duration_decomposition.py::test_duration_decomposition_exact_year PASSED [ 51%]
tests/unit/test_lore_duration_decomposition.py::test_duration_decomposition_year_and_month PASSED [ 51%]
tests/unit/test_lore_duration_decomposition.py::test_duration_decomposition_complex PASSED [ 51%]
tests/unit/test_lore_duration_decomposition.py::test_decomposition_without_converter PASSED [ 51%]
tests/unit/test_main_window.py::test_init_window PASSED                  [ 51%]
tests/unit/test_main_window.py::test_load_event_details PASSED           [ 51%]
tests/unit/test_main_window.py::test_create_event_flow PASSED            [ 51%]
tests/unit/test_main_window.py::test_create_entity PASSED                [ 51%]
tests/unit/test_main_window.py::test_delete_entity PASSED                [ 52%]
tests/unit/test_main_window.py::test_delete_event PASSED                 [ 52%]
tests/unit/test_main_window.py::test_update_entity PASSED                [ 52%]
tests/unit/test_main_window.py::test_add_relation PASSED                 [ 52%]
tests/unit/test_main_window.py::test_check_unsaved_changes_save PASSED   [ 52%]
tests/unit/test_main_window.py::test_check_unsaved_changes_cancel PASSED [ 52%]
tests/unit/test_main_window_entities.py::test_entity_docks_exist PASSED  [ 52%]
tests/unit/test_main_window_entities.py::test_create_entity PASSED       [ 52%]
tests/unit/test_main_window_entities.py::test_delete_entity PASSED       [ 53%]
tests/unit/test_main_window_entities.py::test_update_entity PASSED       [ 53%]
tests/unit/test_main_window_entities.py::test_load_entity_details_signal PASSED [ 53%]
tests/unit/test_main_window_entities.py::test_entity_add_relation PASSED [ 53%]
tests/unit/test_main_window_entities.py::test_entity_remove_relation PASSED [ 53%]
tests/unit/test_main_window_entities.py::test_entity_update_relation PASSED [ 53%]
tests/unit/test_main_window_ext.py::test_delete_event_success PASSED     [ 53%]
tests/unit/test_main_window_ext.py::test_delete_event_sends_command PASSED [ 53%]
tests/unit/test_main_window_ext.py::test_update_event_success PASSED     [ 53%]
tests/unit/test_main_window_ext.py::test_update_event_sends_command PASSED [ 54%]
tests/unit/test_main_window_ext.py::test_add_relation_success PASSED     [ 54%]
tests/unit/test_main_window_ext.py::test_add_relation_bidirectional PASSED [ 54%]
tests/unit/test_main_window_ext.py::test_remove_relation_success PASSED  [ 54%]
tests/unit/test_main_window_ext.py::test_remove_relation_no_current_event PASSED [ 54%]
tests/unit/test_main_window_ext.py::test_update_relation_success PASSED  [ 54%]
tests/unit/test_main_window_ext.py::test_update_relation_no_current_event PASSED [ 54%]
tests/unit/test_main_window_ext.py::test_dock_options_set PASSED         [ 54%]
tests/unit/test_main_window_ext.py::test_central_widget_is_hidden PASSED [ 55%]
tests/unit/test_main_window_ext.py::test_all_docks_are_floatable PASSED  [ 55%]
tests/unit/test_main_window_ext.py::test_load_event_details_no_event PASSED [ 55%]
tests/unit/test_main_window_ext.py::test_wikilink_completion_refreshes_ui PASSED [ 55%]
tests/unit/test_main_window_status.py::test_status_bar_initialization PASSED [ 55%]
tests/unit/test_main_window_status.py::test_status_bar_updates PASSED    [ 55%]
tests/unit/test_main_window_status.py::test_status_bar_formatting_with_converter PASSED [ 55%]
tests/unit/test_map_color_command.py::test_update_marker_color_command PASSED [ 55%]
tests/unit/test_map_color_command.py::test_update_marker_color_command_undo PASSED [ 56%]
tests/unit/test_map_color_command.py::test_update_marker_color_command_undo_no_previous_color PASSED [ 56%]
tests/unit/test_map_color_command.py::test_update_marker_color_not_found PASSED [ 56%]
tests/unit/test_map_commands.py::test_create_map_command PASSED          [ 56%]
tests/unit/test_map_commands.py::test_create_map_command_undo PASSED     [ 56%]
tests/unit/test_map_commands.py::test_update_map_command PASSED          [ 56%]
tests/unit/test_map_commands.py::test_update_map_command_undo PASSED     [ 56%]
tests/unit/test_map_commands.py::test_delete_map_command PASSED          [ 56%]
tests/unit/test_map_commands.py::test_delete_map_command_undo PASSED     [ 57%]
tests/unit/test_map_commands.py::test_create_marker_command PASSED       [ 57%]
tests/unit/test_map_commands.py::test_create_marker_command_upsert PASSED [ 57%]
tests/unit/test_map_commands.py::test_create_marker_command_undo PASSED  [ 57%]
tests/unit/test_map_commands.py::test_update_marker_command PASSED       [ 57%]
tests/unit/test_map_commands.py::test_update_marker_command_undo PASSED  [ 57%]
tests/unit/test_map_commands.py::test_delete_marker_command PASSED       [ 57%]
tests/unit/test_map_commands.py::test_delete_marker_command_undo PASSED  [ 57%]
tests/unit/test_map_db.py::test_map_crud PASSED                          [ 58%]
tests/unit/test_map_db.py::test_get_all_maps PASSED                      [ 58%]
tests/unit/test_map_db.py::test_marker_crud PASSED                       [ 58%]
tests/unit/test_map_db.py::test_marker_upsert_behavior PASSED            [ 58%]
tests/unit/test_map_db.py::test_get_markers_for_map PASSED               [ 58%]
tests/unit/test_map_db.py::test_get_markers_for_object PASSED            [ 58%]
tests/unit/test_map_db.py::test_get_marker_by_composite PASSED           [ 58%]
tests/unit/test_map_db.py::test_cascade_delete_markers PASSED            [ 58%]
tests/unit/test_map_db.py::test_marker_normalized_coordinates PASSED     [ 59%]
tests/unit/test_map_image_storage.py::TestMapImageStorage::test_relative_path_resolution PASSED [ 59%]
tests/unit/test_map_image_storage.py::TestMapImageStorage::test_relative_path_detection PASSED [ 59%]
tests/unit/test_map_image_storage.py::TestMapImageStorage::test_unique_filename_generation PASSED [ 59%]
tests/unit/test_map_image_storage.py::TestMapImageStorage::test_image_copy_to_assets PASSED [ 59%]
tests/unit/test_map_image_storage.py::TestMapImageStorage::test_relative_path_storage PASSED [ 59%]
tests/unit/test_map_widget.py::test_map_widget_initialization PASSED     [ 59%]
tests/unit/test_map_widget.py::test_map_view_initialization PASSED       [ 59%]
tests/unit/test_map_widget.py::test_load_map_invalid_path PASSED         [ 60%]
tests/unit/test_map_widget.py::test_add_marker_without_map PASSED        [ 60%]
tests/unit/test_map_widget.py::test_add_marker_with_map PASSED           [ 60%]
tests/unit/test_map_widget.py::test_remove_marker PASSED                 [ 60%]
tests/unit/test_map_widget.py::test_clear_markers PASSED                 [ 60%]
tests/unit/test_map_widget.py::test_update_marker_position PASSED        [ 60%]
tests/unit/test_map_widget.py::test_marker_position_changed_signal PASSED [ 60%]
tests/unit/test_map_widget.py::test_marker_item_draggable PASSED         [ 60%]
tests/unit/test_map_widget.py::test_marker_item_colors PASSED            [ 60%]
tests/unit/test_map_widget.py::test_marker_item_tooltip PASSED           [ 61%]
tests/unit/test_map_widget.py::test_marker_drag_tracking PASSED          [ 61%]
tests/unit/test_map_widget.py::test_normalized_coordinates_conversion PASSED [ 61%]
tests/unit/test_map_widget.py::test_widget_delegates_to_view PASSED      [ 61%]
tests/unit/test_map_widget.py::test_marker_item_change_emits_signal PASSED [ 61%]
tests/unit/test_relation_commands.py::test_add_relation_command PASSED   [ 61%]
tests/unit/test_relation_commands.py::test_remove_relation_command PASSED [ 61%]
tests/unit/test_relation_commands.py::test_update_relation_command PASSED [ 61%]
tests/unit/test_relation_commands.py::test_add_relation_bidirectional PASSED [ 62%]
tests/unit/test_relation_dialog.py::test_dialog_init PASSED              [ 62%]
tests/unit/test_relation_dialog.py::test_autocompletion_resolution PASSED [ 62%]
tests/unit/test_relation_dialog.py::test_manual_entry_fallback PASSED    [ 62%]
tests/unit/test_relation_dialog.py::test_prefill_editing PASSED          [ 62%]
tests/unit/test_security_longform.py::test_validate_table_name_valid_events PASSED [ 62%]
tests/unit/test_security_longform.py::test_validate_table_name_valid_entities PASSED [ 62%]
tests/unit/test_security_longform.py::test_validate_table_name_invalid PASSED [ 62%]
tests/unit/test_security_longform.py::test_validate_table_name_sql_injection_attempt PASSED [ 63%]
tests/unit/test_security_longform.py::test_validate_table_name_case_sensitive PASSED [ 63%]
tests/unit/test_security_longform.py::test_insert_or_update_invalid_table PASSED [ 63%]
tests/unit/test_security_longform.py::test_promote_item_invalid_table PASSED [ 63%]
tests/unit/test_security_longform.py::test_demote_item_invalid_table PASSED [ 63%]
tests/unit/test_security_longform.py::test_remove_from_longform_invalid_table PASSED [ 63%]
tests/unit/test_security_longform.py::test_place_between_siblings_invalid_target_table PASSED [ 63%]
tests/unit/test_security_longform.py::test_place_between_siblings_invalid_prev_table PASSED [ 63%]
tests/unit/test_security_longform.py::test_place_between_siblings_invalid_next_table PASSED [ 64%]
tests/unit/test_style_helper.py::test_empty_state_style_contains_theme_values PASSED [ 64%]
tests/unit/test_style_helper.py::test_preview_label_style_contains_theme_values PASSED [ 64%]
tests/unit/test_style_helper.py::test_error_label_style_contains_theme_values PASSED [ 64%]
tests/unit/test_style_helper.py::test_section_header_style PASSED        [ 64%]
tests/unit/test_style_helper.py::test_frame_style_contains_theme_values PASSED [ 64%]
tests/unit/test_style_helper.py::test_lore_frame_style_contains_theme_values PASSED [ 64%]
tests/unit/test_style_helper.py::test_map_viewport_style_contains_theme_values PASSED [ 64%]
tests/unit/test_style_helper.py::test_primary_button_style_contains_theme_values PASSED [ 65%]
tests/unit/test_style_helper.py::test_destructive_button_style_contains_theme_values PASSED [ 65%]
tests/unit/test_style_helper.py::test_dialog_button_style_selected PASSED [ 65%]
tests/unit/test_style_helper.py::test_dialog_button_style_unselected PASSED [ 65%]
tests/unit/test_style_helper.py::test_dialog_base_style_contains_theme_values PASSED [ 65%]
tests/unit/test_style_helper.py::test_scrollbar_style_contains_theme_values PASSED [ 65%]
tests/unit/test_style_helper.py::test_wiki_link_style_valid PASSED       [ 65%]
tests/unit/test_style_helper.py::test_wiki_link_style_broken PASSED      [ 65%]
tests/unit/test_style_helper.py::test_timeline_header_style_contains_theme_values PASSED [ 66%]
tests/unit/test_style_helper.py::test_style_changes_with_theme_switch PASSED [ 66%]
tests/unit/test_style_helper.py::test_apply_standard_list_spacing PASSED [ 66%]
tests/unit/test_style_helper.py::test_apply_compact_spacing PASSED       [ 66%]
tests/unit/test_style_helper.py::test_apply_form_spacing PASSED          [ 66%]
tests/unit/test_style_helper.py::test_apply_no_margins PASSED            [ 66%]
tests/unit/test_style_helper.py::test_style_methods_return_non_empty_strings[get_empty_state_style] PASSED [ 66%]
tests/unit/test_style_helper.py::test_style_methods_return_non_empty_strings[get_preview_label_style] PASSED [ 66%]
tests/unit/test_style_helper.py::test_style_methods_return_non_empty_strings[get_error_label_style] PASSED [ 66%]
tests/unit/test_style_helper.py::test_style_methods_return_non_empty_strings[get_frame_style] PASSED [ 67%]
tests/unit/test_style_helper.py::test_style_methods_return_non_empty_strings[get_lore_frame_style] PASSED [ 67%]
tests/unit/test_style_helper.py::test_style_methods_return_non_empty_strings[get_map_viewport_style] PASSED [ 67%]
tests/unit/test_style_helper.py::test_style_methods_return_non_empty_strings[get_primary_button_style] PASSED [ 67%]
tests/unit/test_style_helper.py::test_style_methods_return_non_empty_strings[get_destructive_button_style] PASSED [ 67%]
tests/unit/test_style_helper.py::test_style_methods_return_non_empty_strings[get_dialog_base_style] PASSED [ 67%]
tests/unit/test_style_helper.py::test_style_methods_return_non_empty_strings[get_scrollbar_style] PASSED [ 67%]
tests/unit/test_style_helper.py::test_style_methods_return_non_empty_strings[get_timeline_header_style] PASSED [ 67%]
tests/unit/test_style_helper.py::test_ui_constants_exist PASSED          [ 68%]
tests/unit/test_style_helper.py::test_empty_state_widget_initialization PASSED [ 68%]
tests/unit/test_style_helper.py::test_empty_state_widget_set_message PASSED [ 68%]
tests/unit/test_tag_editor.py::TestTagEditorWidget::test_initial_state PASSED [ 68%]
tests/unit/test_tag_editor.py::TestTagEditorWidget::test_add_tag PASSED  [ 68%]
tests/unit/test_tag_editor.py::TestTagEditorWidget::test_add_tag_via_enter PASSED [ 68%]
tests/unit/test_tag_editor.py::TestTagEditorWidget::test_remove_tag PASSED [ 68%]
tests/unit/test_tag_editor.py::TestTagEditorWidget::test_duplicate_tag_rejected PASSED [ 68%]
tests/unit/test_tag_editor.py::TestTagEditorWidget::test_empty_tag_rejected PASSED [ 69%]
tests/unit/test_tag_editor.py::TestTagEditorWidget::test_load_tags PASSED [ 69%]
tests/unit/test_tag_editor.py::TestTagEditorWidget::test_load_tags_clears_previous PASSED [ 69%]
tests/unit/test_tag_editor.py::TestTagEditorWidget::test_get_tags PASSED [ 69%]
tests/unit/test_tag_editor.py::TestTagEditorWidget::test_tags_changed_signal_on_add PASSED [ 69%]
tests/unit/test_tag_editor.py::TestTagEditorWidget::test_tags_changed_signal_on_remove PASSED [ 69%]
tests/unit/test_tag_editor.py::TestTagEditorWidget::test_tag_normalization PASSED [ 69%]
tests/unit/test_tag_editor.py::TestTagEditorWidget::test_case_sensitive_tags PASSED [ 69%]
tests/unit/test_tag_migration.py::TestTagMigration::test_extract_tags_from_event_attributes PASSED [ 70%]
tests/unit/test_tag_migration.py::TestTagMigration::test_extract_tags_from_entity_attributes PASSED [ 70%]
tests/unit/test_tag_migration.py::TestTagMigration::test_migration_creates_tags_table PASSED [ 70%]
tests/unit/test_tag_migration.py::TestTagMigration::test_migration_creates_event_tags_table PASSED [ 70%]
tests/unit/test_tag_migration.py::TestTagMigration::test_migration_creates_entity_tags_table PASSED [ 70%]
tests/unit/test_tag_migration.py::TestTagMigration::test_migration_extracts_and_deduplicates_tags PASSED [ 70%]
tests/unit/test_tag_migration.py::TestTagMigration::test_migration_preserves_tag_associations PASSED [ 70%]
tests/unit/test_tag_migration.py::TestTagMigration::test_migration_idempotent PASSED [ 70%]
tests/unit/test_tag_migration.py::TestTagMigration::test_migration_handles_empty_tags PASSED [ 71%]
tests/unit/test_tag_migration.py::TestTagMigration::test_migration_handles_duplicate_tags_in_item PASSED [ 71%]
tests/unit/test_tag_migration.py::TestTagMigration::test_rollback_restores_tags_to_attributes PASSED [ 71%]
tests/unit/test_tags_service.py::TestTagsService::test_get_all_tags_empty PASSED [ 71%]
tests/unit/test_tags_service.py::TestTagsService::test_create_tag PASSED [ 71%]
tests/unit/test_tags_service.py::TestTagsService::test_create_duplicate_tag_returns_existing PASSED [ 71%]
tests/unit/test_tags_service.py::TestTagsService::test_assign_tag_to_event PASSED [ 71%]
tests/unit/test_tags_service.py::TestTagsService::test_assign_multiple_tags_to_event PASSED [ 71%]
tests/unit/test_tags_service.py::TestTagsService::test_assign_duplicate_tag_to_event_ignored PASSED [ 72%]
tests/unit/test_tags_service.py::TestTagsService::test_assign_tag_to_entity PASSED [ 72%]
tests/unit/test_tags_service.py::TestTagsService::test_assign_multiple_tags_to_entity PASSED [ 72%]
tests/unit/test_tags_service.py::TestTagsService::test_remove_tag_from_event PASSED [ 72%]
tests/unit/test_tags_service.py::TestTagsService::test_remove_tag_from_entity PASSED [ 72%]
tests/unit/test_tags_service.py::TestTagsService::test_delete_tag_removes_all_associations PASSED [ 72%]
tests/unit/test_tags_service.py::TestTagsService::test_get_events_by_tag PASSED [ 72%]
tests/unit/test_tags_service.py::TestTagsService::test_get_entities_by_tag PASSED [ 72%]
tests/unit/test_tags_service.py::TestTagsService::test_get_tags_for_nonexistent_event PASSED [ 73%]
tests/unit/test_tags_service.py::TestTagsService::test_get_tags_for_nonexistent_entity PASSED [ 73%]
tests/unit/test_tags_service.py::TestTagsService::test_tag_name_case_sensitive PASSED [ 73%]
tests/unit/test_tags_service.py::TestTagsService::test_tag_name_whitespace_trimmed PASSED [ 73%]
tests/unit/test_tags_service.py::TestTagsService::test_empty_tag_name_rejected PASSED [ 73%]
tests/unit/test_tags_service.py::TestTagsService::test_delete_event_removes_tag_associations PASSED [ 73%]
tests/unit/test_tags_service.py::TestTagsService::test_delete_entity_removes_tag_associations PASSED [ 73%]
tests/unit/test_text_parser.py::test_extract_simple_link PASSED          [ 73%]
tests/unit/test_text_parser.py::test_extract_link_with_label PASSED      [ 73%]
tests/unit/test_text_parser.py::test_extract_multiple_links PASSED       [ 74%]
tests/unit/test_text_parser.py::test_extract_duplicate_links PASSED      [ 74%]
tests/unit/test_text_parser.py::test_extract_no_links PASSED             [ 74%]
tests/unit/test_text_parser.py::test_extract_empty_text PASSED           [ 74%]
tests/unit/test_text_parser.py::test_whitespace_handling PASSED          [ 74%]
tests/unit/test_text_parser.py::test_offset_correctness PASSED           [ 74%]
tests/unit/test_text_parser.py::test_pipe_with_whitespace PASSED         [ 74%]
tests/unit/test_text_parser.py::test_nested_brackets_rejected PASSED     [ 74%]
tests/unit/test_text_parser.py::test_link_at_start PASSED                [ 75%]
tests/unit/test_text_parser.py::test_link_at_end PASSED                  [ 75%]
tests/unit/test_text_parser.py::test_adjacent_links PASSED               [ 75%]
tests/unit/test_theme_manager.py::test_singleton PASSED                  [ 75%]
tests/unit/test_theme_manager.py::test_default_theme_fallback PASSED     [ 75%]
tests/unit/test_theme_manager.py::test_load_themes_success PASSED        [ 75%]
tests/unit/test_theme_manager.py::test_apply_theme_success PASSED        [ 75%]
tests/unit/test_theme_manager.py::test_apply_theme_error PASSED          [ 75%]
tests/unit/test_timeline.py::test_timeline_init PASSED                   [ 76%]
tests/unit/test_timeline.py::test_set_events PASSED                      [ 76%]
tests/unit/test_timeline.py::test_lane_layout_logic PASSED               [ 76%]
tests/unit/test_timeline.py::test_focus_event PASSED                     [ 76%]
tests/unit/test_timeline.py::test_gravity_packing PASSED                 [ 76%]
tests/unit/test_timeline_advanced.py::TestSmartLanePacking::test_non_overlapping_events_same_lane PASSED [ 76%]
tests/unit/test_timeline_advanced.py::TestSmartLanePacking::test_overlapping_events_different_lanes PASSED [ 76%]
tests/unit/test_timeline_advanced.py::TestSmartLanePacking::test_lane_reuse_after_gap PASSED [ 76%]
tests/unit/test_timeline_advanced.py::TestSmartLanePacking::test_point_events_minimal_lanes PASSED [ 77%]
tests/unit/test_timeline_advanced.py::TestSmartLanePacking::test_complex_overlapping_pattern PASSED [ 77%]
tests/unit/test_timeline_advanced.py::TestZoomToCursor::test_zoom_in_at_point PASSED [ 77%]
tests/unit/test_timeline_advanced.py::TestZoomToCursor::test_zoom_out_at_point PASSED [ 77%]
tests/unit/test_timeline_advanced.py::TestZoomToCursor::test_zoom_min_limit PASSED [ 77%]
tests/unit/test_timeline_advanced.py::TestZoomToCursor::test_zoom_max_limit PASSED [ 77%]
tests/unit/test_timeline_advanced.py::TestEventItemUpdate::test_event_item_update_method_exists PASSED [ 77%]
tests/unit/test_timeline_advanced.py::TestEventItemUpdate::test_event_item_update_changes_data PASSED [ 77%]
tests/unit/test_timeline_advanced.py::TestEventItemUpdate::test_items_reused_on_set_events PASSED [ 78%]
tests/unit/test_timeline_advanced.py::TestEventItemUpdate::test_items_removed_when_event_deleted PASSED [ 78%]
tests/unit/test_timeline_advanced.py::TestScrubberPlayhead::test_playhead_exists_in_scene PASSED [ 78%]
tests/unit/test_timeline_advanced.py::TestScrubberPlayhead::test_set_playhead_time PASSED [ 78%]
tests/unit/test_timeline_advanced.py::TestScrubberPlayhead::test_playhead_time_changed_signal PASSED [ 78%]
tests/unit/test_timeline_advanced.py::TestScrubberPlayhead::test_start_stop_playback PASSED [ 78%]
tests/unit/test_timeline_advanced.py::TestScrubberPlayhead::test_step_forward PASSED [ 78%]
tests/unit/test_timeline_advanced.py::TestScrubberPlayhead::test_step_backward PASSED [ 78%]
tests/unit/test_timeline_advanced.py::TestScrubberPlayhead::test_playback_advances_automatically PASSED [ 79%]
tests/unit/test_timeline_advanced.py::TestPlaybackControls::test_play_pause_button_exists PASSED [ 79%]
tests/unit/test_timeline_advanced.py::TestPlaybackControls::test_step_buttons_exist PASSED [ 79%]
tests/unit/test_timeline_advanced.py::TestPlaybackControls::test_toggle_playback PASSED [ 79%]
tests/unit/test_timeline_advanced.py::TestPlaybackControls::test_step_forward_button PASSED [ 79%]
tests/unit/test_timeline_advanced.py::TestPlaybackControls::test_step_backward_button PASSED [ 79%]
tests/unit/test_timeline_advanced.py::TestPlaybackControls::test_widget_exposes_playhead_signal PASSED [ 79%]
tests/unit/test_timeline_advanced.py::TestEventItemCaching::test_event_item_has_cache_mode_set PASSED [ 79%]
tests/unit/test_timeline_advanced.py::TestCurrentTimeLine::test_current_time_line_exists_in_scene PASSED [ 80%]
tests/unit/test_timeline_advanced.py::TestCurrentTimeLine::test_set_current_time PASSED [ 80%]
tests/unit/test_timeline_advanced.py::TestCurrentTimeLine::test_current_time_changed_signal PASSED [ 80%]
tests/unit/test_timeline_advanced.py::TestCurrentTimeLine::test_current_time_line_not_draggable PASSED [ 80%]
tests/unit/test_timeline_advanced.py::TestCurrentTimeLine::test_current_time_distinct_from_playhead PASSED [ 80%]
tests/unit/test_timeline_advanced.py::TestCurrentTimeLine::test_widget_exposes_current_time_signal PASSED [ 80%]
tests/unit/test_timeline_advanced.py::TestCurrentTimeLine::test_set_current_time_to_playhead_button PASSED [ 80%]
tests/unit/test_timeline_grouping.py::TestTimelineGrouping::test_get_events_grouped_by_tags_duplicate_mode_assigns_event_to_all_matching_groups PASSED [ 80%]
tests/unit/test_timeline_grouping.py::TestTimelineGrouping::test_get_group_counts_returns_distinct_event_counts_per_tag PASSED [ 80%]
tests/unit/test_timeline_grouping.py::TestTimelineGrouping::test_remaining_contains_only_events_with_no_group_tags PASSED [ 81%]
tests/unit/test_timeline_grouping.py::TestTimelineGrouping::test_get_events_grouped_by_tags_first_match_mode_explicit PASSED [ 81%]
tests/unit/test_timeline_grouping.py::TestTimelineGrouping::test_get_events_grouped_by_tags_respects_tag_order PASSED [ 81%]
tests/unit/test_timeline_grouping.py::TestTimelineGrouping::test_get_events_grouped_by_tags_filters_by_date_range PASSED [ 81%]
tests/unit/test_timeline_grouping.py::TestTimelineGrouping::test_get_group_counts_respects_date_range PASSED [ 81%]
tests/unit/test_timeline_grouping.py::TestTimelineGrouping::test_get_events_grouped_by_tags_sorts_by_lore_date_within_groups PASSED [ 81%]
tests/unit/test_timeline_grouping.py::TestTimelineGrouping::test_remaining_events_excludes_events_with_any_group_tag PASSED [ 81%]
tests/unit/test_timeline_grouping.py::TestTimelineGrouping::test_empty_tag_order_returns_empty_groups PASSED [ 81%]
tests/unit/test_timeline_grouping.py::TestTimelineGrouping::test_get_group_counts_includes_metadata PASSED [ 82%]
tests/unit/test_timeline_grouping.py::TestTimelineGrouping::test_get_events_grouped_by_tags_handles_nonexistent_tags PASSED [ 82%]
tests/unit/test_timeline_grouping.py::TestTimelineGrouping::test_get_events_grouped_by_tags_default_mode_is_duplicate PASSED [ 82%]
tests/unit/test_timeline_grouping.py::TestTimelineGrouping::test_remaining_events_sorted_by_lore_date PASSED [ 82%]
tests/unit/test_timeline_grouping.py::TestTimelineGrouping::test_get_group_metadata_handles_all_events_tag PASSED [ 82%]
tests/unit/test_timeline_grouping.py::TestTimelineGrouping::test_get_group_metadata_all_events_includes_untagged PASSED [ 82%]
tests/unit/test_timeline_grouping.py::TestTimelineGrouping::test_get_group_metadata_all_events_at_end PASSED [ 82%]
tests/unit/test_timeline_grouping_commands.py::TestTimelineGroupingCommands::test_set_timeline_grouping_command_stores_configuration PASSED [ 82%]
tests/unit/test_timeline_grouping_commands.py::TestTimelineGroupingCommands::test_set_timeline_grouping_command_with_first_match_mode PASSED [ 83%]
tests/unit/test_timeline_grouping_commands.py::TestTimelineGroupingCommands::test_set_timeline_grouping_command_undo_restores_previous PASSED [ 83%]
tests/unit/test_timeline_grouping_commands.py::TestTimelineGroupingCommands::test_set_timeline_grouping_command_undo_when_no_previous_config PASSED [ 83%]
tests/unit/test_timeline_grouping_commands.py::TestTimelineGroupingCommands::test_clear_timeline_grouping_command_removes_configuration PASSED [ 83%]
tests/unit/test_timeline_grouping_commands.py::TestTimelineGroupingCommands::test_clear_timeline_grouping_command_undo_restores_config PASSED [ 83%]
tests/unit/test_timeline_grouping_commands.py::TestTimelineGroupingCommands::test_update_tag_color_command_sets_color PASSED [ 83%]
tests/unit/test_timeline_grouping_commands.py::TestTimelineGroupingCommands::test_update_tag_color_command_undo_restores_previous_color PASSED [ 83%]
tests/unit/test_timeline_grouping_commands.py::TestTimelineGroupingCommands::test_update_tag_color_command_undo_when_no_previous_color PASSED [ 83%]
tests/unit/test_timeline_grouping_commands.py::TestTimelineGroupingCommands::test_update_tag_color_command_validates_color_format PASSED [ 84%]
tests/unit/test_timeline_grouping_commands.py::TestTimelineGroupingCommands::test_set_timeline_grouping_command_validates_mode PASSED [ 84%]
tests/unit/test_timeline_grouping_commands.py::TestTimelineGroupingCommands::test_update_tag_color_command_creates_tag_if_not_exists PASSED [ 84%]
tests/unit/test_timeline_grouping_commands.py::TestTimelineGroupingCommands::test_command_execution_state_tracking PASSED [ 84%]
tests/unit/test_timeline_grouping_commands.py::TestTimelineGroupingCommands::test_multiple_undo_redo_cycles PASSED [ 84%]
tests/unit/test_timeline_grouping_service.py::TestTimelineGroupingService::test_get_group_metadata_returns_tag_info_with_colors PASSED [ 84%]
tests/unit/test_timeline_grouping_service.py::TestTimelineGroupingService::test_get_events_for_group_returns_only_matching_events PASSED [ 84%]
tests/unit/test_timeline_grouping_service.py::TestTimelineGroupingService::test_get_events_for_group_respects_date_range PASSED [ 84%]
tests/unit/test_timeline_grouping_service.py::TestTimelineGroupingService::test_set_tag_color_stores_and_retrieves_color PASSED [ 85%]
tests/unit/test_timeline_grouping_service.py::TestTimelineGroupingService::test_get_tag_color_generates_deterministic_color_when_not_set PASSED [ 85%]
tests/unit/test_timeline_grouping_service.py::TestTimelineGroupingService::test_get_tag_color_returns_stored_color_when_set PASSED [ 85%]
tests/unit/test_timeline_grouping_service.py::TestTimelineGroupingService::test_update_tag_color_changes_existing_color PASSED [ 85%]
tests/unit/test_timeline_grouping_service.py::TestTimelineGroupingService::test_get_group_metadata_with_no_events_returns_zero_counts PASSED [ 85%]
tests/unit/test_timeline_grouping_service.py::TestTimelineGroupingService::test_get_events_for_group_with_nonexistent_tag_returns_empty PASSED [ 85%]
tests/unit/test_timeline_grouping_service.py::TestTimelineGroupingService::test_get_group_metadata_includes_all_tags_in_order PASSED [ 85%]
tests/unit/test_timeline_grouping_service.py::TestTimelineGroupingService::test_color_generation_is_consistent_across_calls PASSED [ 85%]
tests/unit/test_timeline_grouping_service.py::TestTimelineGroupingService::test_set_tag_color_validates_hex_format PASSED [ 86%]
tests/unit/test_timeline_interaction.py::test_timeline_init PASSED       [ 86%]
tests/unit/test_timeline_interaction.py::test_set_events_creates_items PASSED [ 86%]
tests/unit/test_timeline_interaction.py::test_fit_view PASSED            [ 86%]
tests/unit/test_timeline_interaction.py::test_selection_signal PASSED    [ 86%]
tests/unit/test_timeline_interaction.py::test_focus_event PASSED         [ 86%]
tests/unit/test_timeline_interaction.py::test_wheel_zoom PASSED          [ 86%]
tests/unit/test_timeline_interaction.py::test_mouse_pan_init PASSED      [ 86%]
tests/unit/test_timeline_interaction.py::test_draw_ruler PASSED          [ 86%]
tests/unit/test_timeline_interaction.py::test_playhead_drag PASSED       [ 87%]
tests/unit/test_timeline_interaction.py::test_event_drag_date_change PASSED [ 87%]
tests/unit/test_timeline_interaction.py::test_event_drag_constrained_to_horizontal PASSED [ 87%]
tests/unit/test_timeline_lane_packer.py::TestTimelineLanePacker::test_non_overlapping_events_same_lane PASSED [ 87%]
tests/unit/test_timeline_lane_packer.py::TestTimelineLanePacker::test_overlapping_events_different_lanes PASSED [ 87%]
tests/unit/test_timeline_lane_packer.py::TestTimelineLanePacker::test_lane_reuse PASSED [ 87%]
tests/unit/test_timeline_lane_packer.py::TestTimelineLanePacker::test_point_events PASSED [ 87%]
tests/unit/test_timeline_lane_packer.py::TestTimelineLanePacker::test_scale_factor_update PASSED [ 87%]
tests/unit/test_timeline_lane_packer.py::TestTimelineLanePacker::test_empty_events PASSED [ 88%]
tests/unit/test_timeline_lane_packer.py::TestTimelineLanePacker::test_long_event_names PASSED [ 88%]
tests/unit/test_timeline_rendering.py::test_event_item_bounding_rect PASSED [ 88%]
tests/unit/test_timeline_rendering.py::test_event_item_paint PASSED      [ 88%]
tests/unit/test_timeline_rendering.py::test_event_item_paint_selected PASSED [ 88%]
tests/unit/test_timeline_rendering.py::test_event_item_color_by_type PASSED [ 88%]
tests/unit/test_timeline_rendering.py::test_event_item_position PASSED   [ 88%]
tests/unit/test_timeline_rendering.py::test_timeline_scene_init PASSED   [ 88%]
tests/unit/test_timeline_rendering.py::test_timeline_view_set_events_empty PASSED [ 89%]
tests/unit/test_timeline_rendering.py::test_timeline_view_set_events_with_data PASSED [ 89%]
tests/unit/test_timeline_rendering.py::test_timeline_view_drag_mode PASSED [ 89%]
tests/unit/test_timeline_rendering.py::test_timeline_view_fit_all PASSED [ 89%]
tests/unit/test_timeline_rendering.py::test_timeline_view_focus_event_found PASSED [ 89%]
tests/unit/test_timeline_rendering.py::test_timeline_view_focus_event_not_found PASSED [ 89%]
tests/unit/test_timeline_rendering.py::test_timeline_view_scale_factor PASSED [ 89%]
tests/unit/test_timeline_rendering.py::test_timeline_widget_btn_fit PASSED [ 89%]
tests/unit/test_timeline_rendering.py::test_timeline_widget_header_frame PASSED [ 90%]
tests/unit/test_timeline_rendering.py::test_timeline_view_scene_rect_updates PASSED [ 90%]
tests/unit/test_timeline_rendering.py::test_event_item_flags PASSED      [ 90%]
tests/unit/test_timeline_rendering.py::test_timeline_view_lane_height_constant PASSED [ 90%]
tests/unit/test_timeline_rendering.py::test_timeline_view_ruler_height_constant PASSED [ 90%]
tests/unit/test_timeline_ruler.py::TestTickLevel::test_tick_levels_ordered_by_granularity PASSED [ 90%]
tests/unit/test_timeline_ruler.py::TestTickLevel::test_get_finer_level PASSED [ 90%]
tests/unit/test_timeline_ruler.py::TestTickLevel::test_get_coarser_level PASSED [ 90%]
tests/unit/test_timeline_ruler.py::TestActiveLevelCalculation::test_zoomed_out_shows_decades PASSED [ 91%]
tests/unit/test_timeline_ruler.py::TestActiveLevelCalculation::test_zoomed_in_shows_days PASSED [ 91%]
tests/unit/test_timeline_ruler.py::TestActiveLevelCalculation::test_minor_level_is_finer_than_major PASSED [ 91%]
tests/unit/test_timeline_ruler.py::TestOpacityInterpolation::test_opacity_zero_when_crowded PASSED [ 91%]
tests/unit/test_timeline_ruler.py::TestOpacityInterpolation::test_opacity_full_when_spacious PASSED [ 91%]
tests/unit/test_timeline_ruler.py::TestOpacityInterpolation::test_opacity_interpolates_smoothly PASSED [ 91%]
tests/unit/test_timeline_ruler.py::TestTickCalculation::test_calculate_ticks_returns_list PASSED [ 91%]
tests/unit/test_timeline_ruler.py::TestTickCalculation::test_ticks_within_date_range PASSED [ 91%]
tests/unit/test_timeline_ruler.py::TestTickCalculation::test_ticks_have_required_properties PASSED [ 92%]
tests/unit/test_timeline_ruler.py::TestTickCalculation::test_major_ticks_have_full_opacity PASSED [ 92%]
tests/unit/test_timeline_ruler.py::TestCollisionAvoidance::test_non_overlapping_labels_kept PASSED [ 92%]
tests/unit/test_timeline_ruler.py::TestCollisionAvoidance::test_overlapping_minor_labels_culled PASSED [ 92%]
tests/unit/test_timeline_ruler.py::TestCalendarAwareDivisions::test_set_calendar_converter PASSED [ 92%]
tests/unit/test_timeline_ruler.py::TestCalendarAwareDivisions::test_with_calendar_uses_calendar_labels PASSED [ 92%]
tests/unit/test_timeline_ruler.py::TestCalendarAwareDivisions::test_day_ticks_have_abbreviations PASSED [ 92%]
tests/unit/test_timeline_ruler.py::TestNumericFallback::test_without_calendar_uses_numeric_labels PASSED [ 92%]
tests/unit/test_timeline_ruler.py::TestStickyParentContext::test_get_parent_context_returns_string PASSED [ 93%]
tests/unit/test_timeline_ruler.py::TestStickyParentContext::test_parent_context_without_calendar PASSED [ 93%]
tests/unit/test_timeline_ruler.py::TestEdgeCases::test_zero_date_range PASSED [ 93%]
tests/unit/test_timeline_ruler.py::TestEdgeCases::test_negative_dates PASSED [ 93%]
tests/unit/test_timeline_ruler.py::TestEdgeCases::test_very_large_dates PASSED [ 93%]
tests/unit/test_timeline_ruler.py::TestEdgeCases::test_narrow_viewport PASSED [ 93%]
tests/unit/test_unified_list.py::test_init PASSED                        [ 93%]
tests/unit/test_unified_list.py::test_set_data PASSED                    [ 93%]
tests/unit/test_unified_list.py::test_filtering PASSED                   [ 93%]
tests/unit/test_unified_list.py::test_selection_signal PASSED            [ 94%]
tests/unit/test_unified_list.py::test_delete_signal PASSED               [ 94%]
tests/unit/test_unified_list.py::test_create_signals PASSED              [ 94%]
tests/unit/test_unified_list.py::test_refresh_signal PASSED              [ 94%]
tests/unit/test_widget_sizes.py::test_widget_minimum_size_hints[UnifiedListWidget-250-200] PASSED [ 94%]
tests/unit/test_widget_sizes.py::test_widget_minimum_size_hints[EventListWidget-250-200] PASSED [ 94%]
tests/unit/test_widget_sizes.py::test_widget_minimum_size_hints[EntityListWidget-250-200] PASSED [ 94%]
tests/unit/test_widget_sizes.py::test_widget_minimum_size_hints[GalleryWidget-250-150] PASSED [ 94%]
tests/unit/test_widget_sizes.py::test_widget_minimum_size_hints[CompactDateWidget-250-72] PASSED [ 95%]
tests/unit/test_widget_sizes.py::test_widget_minimum_size_hints[CompactDurationWidget-250-72] PASSED [ 95%]
tests/unit/test_widget_sizes.py::test_widget_size_hints_valid[UnifiedListWidget] PASSED [ 95%]
tests/unit/test_widget_sizes.py::test_widget_size_hints_valid[EventListWidget] PASSED [ 95%]
tests/unit/test_widget_sizes.py::test_widget_size_hints_valid[EntityListWidget] PASSED [ 95%]
tests/unit/test_widget_sizes.py::test_widget_size_hints_valid[GalleryWidget] PASSED [ 95%]
tests/unit/test_widget_sizes.py::test_widget_size_hints_valid[CompactDateWidget] PASSED [ 95%]
tests/unit/test_widget_sizes.py::test_widget_size_hints_valid[CompactDurationWidget] PASSED [ 95%]
tests/unit/test_wiki_commands.py::test_process_no_links PASSED           [ 96%]
tests/unit/test_wiki_commands.py::test_process_creates_mention_relation PASSED [ 96%]
tests/unit/test_wiki_commands.py::test_process_case_insensitive_match PASSED [ 96%]
tests/unit/test_wiki_commands.py::test_process_with_aliases PASSED       [ 96%]
tests/unit/test_wiki_commands.py::test_process_skips_ambiguous PASSED    [ 96%]
tests/unit/test_wiki_commands.py::test_process_skips_missing PASSED      [ 96%]
tests/unit/test_wiki_commands.py::test_process_multiple_links PASSED     [ 96%]
tests/unit/test_wiki_commands.py::test_process_deduplication_by_offset PASSED [ 96%]
tests/unit/test_wiki_commands.py::test_process_same_entity_different_offsets PASSED [ 97%]
tests/unit/test_wiki_commands.py::test_process_skips_self_reference PASSED [ 97%]
tests/unit/test_wiki_commands.py::test_process_undo PASSED               [ 97%]
tests/unit/test_wiki_commands.py::test_snippet_generation PASSED         [ 97%]
tests/unit/test_wiki_commands.py::test_snippet_with_ellipsis PASSED      [ 97%]
tests/unit/test_wiki_commands.py::test_field_parameter PASSED            [ 97%]
tests/unit/test_wiki_commands.py::test_pipe_modifier_ignored_for_matching PASSED [ 97%]
tests/unit/test_wiki_commands.py::test_process_wiki_links_to_events PASSED [ 97%]
tests/unit/test_wiki_completion.py::test_completer_initialization PASSED [ 98%]
tests/unit/test_wiki_completion.py::test_completer_update PASSED         [ 98%]
tests/unit/test_wiki_completion.py::test_insert_completion PASSED        [ 98%]
tests/unit/test_wiki_completion.py::test_insert_completion_mid_sentence PASSED [ 98%]
tests/unit/test_wiki_text_edit.py::test_ctrl_click_emits_signal PASSED   [ 98%]
tests/unit/test_wiki_text_edit.py::test_normal_click_ignores_link PASSED [ 98%]
tests/unit/test_wiki_text_edit.py::test_font_sizes_applied_on_init PASSED [ 98%]
tests/unit/test_wiki_text_edit.py::test_font_sizes_applied_in_set_wiki_text PASSED [ 98%]
tests/unit/test_wiki_text_edit.py::test_theme_change_updates_stylesheet PASSED [ 99%]
tests/unit/test_worker.py::test_initialization PASSED                    [ 99%]
tests/unit/test_worker.py::test_initialization_failure PASSED            [ 99%]
tests/unit/test_worker.py::test_load_events PASSED                       [ 99%]
tests/unit/test_worker.py::test_load_entities PASSED                     [ 99%]
tests/unit/test_worker.py::test_run_command_success PASSED               [ 99%]
tests/unit/test_worker.py::test_run_command_failure PASSED               [ 99%]
tests/unit/test_worker.py::test_load_current_time PASSED                 [ 99%]
tests/unit/test_worker.py::test_save_current_time PASSED                 [100%]

=============================== tests coverage ================================
_______________ coverage: platform win32, python 3.13.9-final-0 _______________

Name                                                 Stmts   Miss  Cover   Missing
----------------------------------------------------------------------------------
src\app\__init__.py                                      0      0   100%
src\app\command_coordinator.py                          25      0   100%
src\app\connection_manager.py                           62      0   100%
src\app\constants.py                                    21      0   100%
src\app\data_handler.py                                122     40    67%   153-155, 165-172, 184-226, 237, 245-247, 257, 260-262, 274-279, 289, 294
src\app\main.py                                        636    343    46%   279, 289, 302, 310, 314-316, 321-344, 367-368, 391-407, 412-415, 466-468, 478-479, 489-491, 501-517, 521, 533-558, 562, 574-575, 586-593, 613, 617-623, 632-642, 653-654, 677, 681, 685, 709, 736-737, 756-758, 765, 779, 783, 808-809, 815-816, 836, 845-859, 868-906, 910-922, 929-981, 996-1012, 1022-1040, 1057, 1081-1086, 1098-1103, 1116-1124, 1133, 1146-1161, 1173-1174, 1178-1184, 1194-1202, 1212-1223, 1270-1285, 1299, 1310-1313, 1325-1357, 1361, 1377-1378, 1389-1390, 1404-1405, 1412-1443, 1451-1477, 1481
src\app\ui_constants.py                                 13      0   100%
src\app\ui_manager.py                                  112     34    70%   182-200, 239-244, 255-290
src\cli\__init__.py                                      0      0   100%
src\cli\attachment.py                                  151     61    60%   35-41, 49-73, 84-85, 90-92, 106-108, 128-132, 140-162, 216, 219-220, 223, 229
src\cli\calendar.py                                    181     83    54%   37-42, 60-61, 90-92, 102-109, 125-127, 139-141, 149-180, 197-201, 209-237, 286, 289-290, 293, 299
src\cli\entity.py                                      227     78    66%   50, 61-68, 84-85, 89, 96-98, 118-122, 138-139, 143-145, 155-157, 165-190, 194-198, 214-215, 222, 224, 227-228, 239-246, 262-263, 267-271, 280-287, 367, 375, 381-382, 386
src\cli\event.py                                       221     65    71%   50, 52, 54, 65-72, 88-89, 93, 100-102, 121-125, 141-142, 146-148, 160-162, 170-174, 190-191, 198, 200, 202, 204, 207-208, 219-226, 242-243, 247-251, 260-267, 345, 353, 359-360, 364
src\cli\longform.py                                    202     80    60%   44-46, 51-55, 66-80, 93-94, 103, 105, 116-122, 130-154, 166-167, 176-180, 188-212, 225-227, 303, 307, 312-313, 317
src\cli\map.py                                         293     89    70%   53-60, 76-78, 89-93, 107-113, 122-129, 156, 158, 161, 170-177, 194, 197-198, 207-214, 231, 233, 238, 240, 243, 246-247, 256-263, 277-283, 292-299, 315-317, 327, 332-336, 421, 427, 432-433, 437
src\cli\relation.py                                    188     65    65%   44-45, 50-51, 66, 69-76, 92-93, 100-102, 117-124, 127, 131-135, 151-152, 156-165, 174-181, 197-198, 206-209, 218-225, 306, 311, 317-318, 322
src\cli\utils.py                                        12      8    33%   25-36
src\cli\wiki.py                                         64     21    67%   38, 41-42, 47-51, 54-55, 64-71, 102, 106, 111-112, 116
src\commands\__init__.py                                 0      0   100%
src\commands\base_command.py                            23      2    91%   63, 73
src\commands\calendar_commands.py                       85     12    86%   61-63, 123-125, 185-187, 248-250
src\commands\entity_commands.py                         98     20    80%   32, 53-54, 64-66, 119-120, 150-151, 157-158, 167-169, 218-219, 233-235
src\commands\event_commands.py                         103      7    93%   43, 67-68, 177-178, 184-185
src\commands\image_commands.py                         102     45    56%   23-48, 51-64, 79, 93-95, 109-113, 116-136, 139-143, 159, 174-175
src\commands\longform_commands.py                      111     24    78%   67, 86-88, 102, 105, 162, 177-179, 193, 196, 253, 268-270, 284, 287, 344, 359-361, 375, 378
src\commands\map_commands.py                           223     59    74%   47, 69-71, 124-125, 149-151, 201, 217-219, 290-292, 344-345, 369-371, 420, 434-436, 470-474, 486-517, 530-543, 606-608
src\commands\relation_commands.py                       77     11    86%   82-84, 126-128, 176-177, 188-190
src\commands\timeline_grouping_commands.py              88     12    86%   77-79, 93, 147-149, 163, 235-237, 251
src\commands\wiki_commands.py                          122      4    97%   172, 239-241
src\core\__init__.py                                     0      0   100%
src\core\base_theme_manager.py                          79     28    65%   43-45, 55, 121-122, 131-135, 164-174, 183, 193-196, 209, 212, 220-222
src\core\calendar.py                                   195     14    93%   138, 154, 225-230, 396-397, 555-556, 613-614, 657
src\core\entities.py                                    25      0   100%
src\core\events.py                                      27      0   100%
src\core\image_attachment.py                            18      1    94%   30
src\core\logging_config.py                              41      5    88%   36-39, 68-69
src\core\map.py                                         18      1    94%   46
src\core\marker.py                                      21      1    95%   53
src\core\paths.py                                       18      4    78%   45-48, 55
src\core\theme_manager.py                               49     10    80%   65-73, 97-98, 110, 136
src\gui\__init__.py                                      0      0   100%
src\gui\dialogs\calendar_config_dialog.py              186     14    92%   246, 248-250, 273-274, 288, 290, 324-327, 335-340
src\gui\dialogs\image_viewer_dialog.py                 124    106    15%   33-41, 44-98, 101-145, 149-151, 155-184, 192-215, 219-220, 223-225, 228-230
src\gui\dialogs\relation_dialog.py                      48      0   100%
src\gui\utils\__init__.py                                0      0   100%
src\gui\utils\style_helper.py                           89      0   100%
src\gui\widgets\attribute_editor.py                    103     58    44%   80, 88-103, 115-140, 148-159, 165-168, 177-178, 187-188, 201-210
src\gui\widgets\compact_date_widget.py                 264     66    75%   244-245, 292, 336, 400-407, 412-458, 463-491, 495-498, 502
src\gui\widgets\compact_duration_widget.py             206      9    96%   195, 233-237, 247, 267, 324
src\gui\widgets\empty_state_widget.py                   11      0   100%
src\gui\widgets\entity_editor.py                       237     34    86%   219, 225, 280-298, 313, 335-338, 342-346, 354, 376-386
src\gui\widgets\entity_list.py                          68     23    66%   45, 83-98, 106-112, 120-123
src\gui\widgets\event_editor.py                        310     37    88%   314, 320, 404-426, 447, 471-474, 482, 499-511, 556, 566, 579, 593-594, 598-600
src\gui\widgets\event_list.py                           64      1    98%   45
src\gui\widgets\gallery_widget.py                      199     34    83%   148-152, 172-173, 186, 214, 227-239, 242-259, 300-303, 308, 312
src\gui\widgets\longform_editor.py                     252     75    70%   76, 81-82, 112-203, 217-219, 253, 263-264, 279, 300-301, 309, 319-327, 507-514
src\gui\widgets\lore_date_widget.py                    250     31    88%   168, 175, 191, 201, 207, 249, 304, 306, 314, 316, 322, 324, 347-349, 361, 375-376, 406, 410-412, 434, 436, 438, 440, 446, 465-467, 476-478
src\gui\widgets\lore_duration_widget.py                186     47    75%   115-117, 167-252, 260, 265, 306, 327-328, 339-341, 347, 369-370, 412-414, 423-425
src\gui\widgets\map\__init__.py                          4      0   100%
src\gui\widgets\map\icon_picker_dialog.py               51     38    25%   32-34, 54-59, 63-106, 115-116
src\gui\widgets\map\map_graphics_view.py               216    127    41%   113-130, 141-143, 151-160, 164-166, 195-196, 229-230, 269, 280-289, 295-300, 306-321, 327-378, 384-435, 444-449, 460-468
src\gui\widgets\map\marker_item.py                     119     39    67%   125-126, 130-131, 140-141, 150, 159-161, 170, 179-180, 191-238
src\gui\widgets\map_widget.py                           91     23    75%   45-47, 138-146, 150-155, 159-161, 170-173, 204
src\gui\widgets\relation_item_widget.py                 28      1    96%   100
src\gui\widgets\splitter_tab_inspector.py              127     80    37%   35-37, 41-55, 59-60, 64-94, 98-102, 106-111, 126-127, 135-172, 176-178, 182-187, 231
src\gui\widgets\standard_buttons.py                     15      2    87%   47-48
src\gui\widgets\tag_editor.py                           60      0   100%
src\gui\widgets\timeline\__init__.py                    95      8    92%   191-195, 202-203, 207, 211, 215
src\gui\widgets\timeline\event_item.py                 140     53    62%   68, 152-172, 181-186, 224-232, 242, 248-294, 338-343
src\gui\widgets\timeline\group_band_item.py            127     98    23%   65-91, 95-96, 100-111, 120-124, 135-211, 218-222, 226-235, 239-240, 244-246, 250-252, 261-264, 273-274, 285-289, 298-299, 308
src\gui\widgets\timeline\group_band_manager.py         115     88    23%   48-58, 73-133, 137-140, 149-162, 170-183, 187-205, 210, 214, 218, 228-246, 255, 264-272, 281-291, 300
src\gui\widgets\timeline\group_label_overlay.py         54     28    48%   69-71, 81-123
src\gui\widgets\timeline\timeline_scene.py              63      0   100%
src\gui\widgets\timeline\timeline_view.py              589    240    59%   236-239, 266-267, 306-308, 360-361, 395-397, 540-542, 566-567, 622-646, 650-853, 874, 957-991, 998-1013, 1019-1025, 1130-1149, 1159-1184, 1188-1190, 1194-1196, 1205-1216, 1225-1228, 1237-1240, 1255-1283, 1300-1305, 1314-1318, 1327-1331
src\gui\widgets\timeline_lane_packer.py                 51      0   100%
src\gui\widgets\timeline_ruler.py                      216     43    80%   151, 183, 245-246, 290, 361, 363, 366-367, 374, 386-399, 416-418, 421-424, 427-428, 443-444, 449, 451, 453, 455, 457, 475, 542-543, 547
src\gui\widgets\unified_list.py                        290     49    83%   55-79, 240, 286-291, 301-306, 316, 321, 329-332, 344-345, 419-426, 459, 499-500, 504-506, 531, 573, 582-583
src\gui\widgets\wiki_text_edit.py                      236     82    65%   91, 115, 291-292, 346-350, 357, 383, 388, 404-422, 429-483, 496-515, 524-544, 553-559, 573
src\services\__init__.py                                 0      0   100%
src\services\asset_store.py                             96     82    15%   19-25, 29-30, 39-42, 57-111, 120-150, 162-186
src\services\attachment_service.py                      62     15    76%   79-83, 97-100, 119-121, 145-147, 151, 157, 161, 165
src\services\db_service.py                             552     87    84%   89-91, 104, 262-264, 275-290, 321, 344, 346, 360, 378, 392, 415, 417, 431, 489, 503, 530, 584, 620, 640, 659, 674, 685, 699, 712, 735, 750-763, 775-782, 799, 813, 824, 838, 905, 919, 935, 970, 1008, 1024, 1108-1110, 1140-1144, 1164, 1192, 1213, 1239, 1271, 1292, 1326, 1376, 1379, 1482, 1607, 1683, 1741, 1769, 1796
src\services\link_resolver.py                           43      0   100%
src\services\longform_builder.py                       251     22    91%   436, 446-456, 517-518, 523-524, 530-531, 584-585, 590-591, 646-647
src\services\repositories\__init__.py                    7      0   100%
src\services\repositories\attachment_repository.py      49      4    92%   55, 73, 119-120
src\services\repositories\base_repository.py            35      9    74%   58, 63-66, 93, 97-99
src\services\repositories\calendar_repository.py        47     11    77%   70, 90, 106-117
src\services\repositories\entity_repository.py          67     25    63%   72, 94, 166-178, 190-207
src\services\repositories\event_repository.py           66     24    64%   76, 98, 175-191, 203-215
src\services\repositories\map_repository.py             69      9    87%   74, 96, 131-143, 172, 196, 218-219
src\services\repositories\relation_repository.py        52      6    88%   74, 98, 122, 160-166
src\services\text_parser.py                             38      0   100%
src\services\worker.py                                 237    125    47%   99, 106-108, 114, 121-123, 128-138, 143-153, 158-178, 183-202, 209-220, 230-242, 251-260, 283-286, 302-312, 341, 348-351, 362, 367-369, 379-411
----------------------------------------------------------------------------------
TOTAL                                                11008   3180    71%
============================= 815 passed in 7.93s =============================
