============================= test session starts =============================
platform win32 -- Python 3.13.9, pytest-9.0.2, pluggy-1.6.0 -- C:\Users\chris\Antigravity Projects\ProjektKraken\.venv\Scripts\python.exe
cachedir: .pytest_cache
PySide6 6.10.1 -- Qt runtime 6.10.1 -- Qt compiled 6.10.1
rootdir: C:\Users\chris\Antigravity Projects\ProjektKraken
configfile: pytest.ini
plugins: anyio-4.12.0, cov-7.0.0, qt-4.5.0
collecting ... collected 0 items / 1 error

=================================== ERRORS ====================================
____________ ERROR collecting tests/unit/test_worker_filtering.py _____________
ImportError while importing test module 'C:\Users\chris\Antigravity Projects\ProjektKraken\tests\unit\test_worker_filtering.py'.
Hint: make sure your test modules/packages have valid Python names.
Traceback:
C:\Program Files\WindowsApps\PythonSoftwareFoundation.Python.3.13_3.13.2544.0_x64__qbz5n2kfra8p0\Lib\importlib\__init__.py:88: in import_module
    return _bootstrap._gcd_import(name[level:], package, level)
           ^^^^^^^^^^^^^^^^^^^^^^^^^^^^^^^^^^^^^^^^^^^^^^^^^^^^
tests\unit\test_worker_filtering.py:3: in <module>
    from src.services.worker import Worker
E   ImportError: cannot import name 'Worker' from 'src.services.worker' (C:\Users\chris\Antigravity Projects\ProjektKraken\src\services\worker.py)
=========================== short test summary info ===========================
ERROR tests/unit/test_worker_filtering.py
!!!!!!!!!!!!!!!!!!! Interrupted: 1 error during collection !!!!!!!!!!!!!!!!!!!!
============================== 1 error in 0.14s ===============================
