============================= test session starts =============================
platform win32 -- Python 3.13.9, pytest-9.0.2, pluggy-1.6.0 -- C:\Users\chris\Antigravity Projects\ProjektKraken\.venv\Scripts\python.exe
cachedir: .pytest_cache
PySide6 6.10.1 -- Qt runtime 6.10.1 -- Qt compiled 6.10.1
rootdir: C:\Users\chris\Antigravity Projects\ProjektKraken
configfile: pytest.ini
plugins: cov-7.0.0, qt-4.5.0
collecting ... collected 4 items

tests/test_unsaved_changes.py::test_event_editor_dirty_tracking PASSED   [ 25%]
tests/test_unsaved_changes.py::test_entity_editor_dirty_tracking PASSED  [ 50%]
tests/test_unsaved_changes.py::test_mainwindow_check_unsaved_changes PASSED [ 75%]
tests/test_unsaved_changes.py::test_editor_init_not_dirty PASSED         [100%]

============================== 4 passed in 0.41s ==============================
QThread: Destroyed while thread '' is still running
