============================= test session starts =============================
platform win32 -- Python 3.13.12, pytest-9.0.2, pluggy-1.6.0 -- C:\Users\chris\Antigravity Projects\ProjektKraken\.venv\Scripts\python.exe
cachedir: .pytest_cache
PySide6 6.10.1 -- Qt runtime 6.10.1 -- Qt compiled 6.10.1
rootdir: C:\Users\chris\Antigravity Projects\ProjektKraken
configfile: pytest.ini
plugins: anyio-4.12.0, cov-7.0.0, qt-4.5.0
collecting ... collected 40 items / 38 deselected / 2 selected

tests/unit/test_wiki_text_edit.py::test_toc_integration_toggle FAILED    [ 50%]
tests/unit/test_wiki_text_edit.py::test_toc_integration_navigation FAILED [100%]

================================== FAILURES ===================================
_________________________ test_toc_integration_toggle _________________________

qtbot = <pytestqt.qtbot.QtBot object at 0x0000025F35AFF4D0>

    def test_toc_integration_toggle(qtbot):
        """Test that the TOC can be toggled via a button."""
        widget = WikiTextEdit()
        qtbot.addWidget(widget)
    
        # TOC should be instantiated but hidden by default
        assert hasattr(widget, "toc_widget")
        assert not widget.toc_widget.isVisible()
    
        # Click the toggle button
        qtbot.mouseClick(widget.btn_toggle_toc, Qt.MouseButton.LeftButton)
>       assert widget.toc_widget.isVisible()
E       assert False
E        +  where False = <built-in method isVisible of TOCWidget object at 0x0000025F35C74A00>()
E        +    where <built-in method isVisible of TOCWidget object at 0x0000025F35C74A00> = <src.gui.widgets.toc_widget.TOCWidget(0x25f06528870) at 0x0000025F35C74A00>.isVisible
E        +      where <src.gui.widgets.toc_widget.TOCWidget(0x25f06528870) at 0x0000025F35C74A00> = <src.gui.widgets.wiki_text_edit.WikiTextEdit(0x25f066fec20, name="WikiTextEditWrapper") at 0x0000025F01EBBFC0>.toc_widget

tests\unit\test_wiki_text_edit.py:769: AssertionError
---------------------------- Captured Qt messages -----------------------------
QtWarningMsg: QFontDatabase: Cannot find font directory C:/Users/chris/Antigravity Projects/ProjektKraken/.venv/Lib/site-packages/PySide6/lib/fonts.
Note that Qt no longer ships fonts. Deploy some (from https://dejavu-fonts.github.io/ for example) or switch to fontconfig.
_______________________ test_toc_integration_navigation _______________________

qtbot = <pytestqt.qtbot.QtBot object at 0x0000025F35C2FED0>

    def test_toc_integration_navigation(qtbot):
        """Test that clicking a TOC item navigates the editor to the header."""
        from PySide6.QtWidgets import QListWidget
    
        widget = WikiTextEdit()
        qtbot.addWidget(widget)
    
        widget.set_wiki_text(
            "# First Header\n\nSome text here\n\n## Second Header\n\nMore text"
        )
    
        # Show TOC to trigger update or ensure it updates automatically
        widget.btn_toggle_toc.click()
    
        # Check that TOC has 2 items
        list_widget = widget.toc_widget.findChild(QListWidget)
>       assert list_widget.count() == 2
E       assert 0 == 2
E        +  where 0 = <built-in method count of PySide6.QtWidgets.QListWidget object at 0x0000025F35D3E3C0>()
E        +    where <built-in method count of PySide6.QtWidgets.QListWidget object at 0x0000025F35D3E3C0> = <PySide6.QtWidgets.QListWidget(0x25f06efc840) at 0x0000025F35D3E3C0>.count

tests\unit\test_wiki_text_edit.py:792: AssertionError
=========================== short test summary info ===========================
FAILED tests/unit/test_wiki_text_edit.py::test_toc_integration_toggle - assert False
 +  where False = <built-in method isVisible of TOCWidget object at 0x0000025F35C74A00>()
 +    where <built-in method isVisible of TOCWidget object at 0x0000025F35C74A00> = <src.gui.widgets.toc_widget.TOCWidget(0x25f06528870) at 0x0000025F35C74A00>.isVisible
 +      where <src.gui.widgets.toc_widget.TOCWidget(0x25f06528870) at 0x0000025F35C74A00> = <src.gui.widgets.wiki_text_edit.WikiTextEdit(0x25f066fec20, name="WikiTextEditWrapper") at 0x0000025F01EBBFC0>.toc_widget
FAILED tests/unit/test_wiki_text_edit.py::test_toc_integration_navigation - assert 0 == 2
 +  where 0 = <built-in method count of PySide6.QtWidgets.QListWidget object at 0x0000025F35D3E3C0>()
 +    where <built-in method count of PySide6.QtWidgets.QListWidget object at 0x0000025F35D3E3C0> = <PySide6.QtWidgets.QListWidget(0x25f06efc840) at 0x0000025F35D3E3C0>.count
====================== 2 failed, 38 deselected in 1.01s =======================
